Release 14.5 Map P.58f (lin64)
Xilinx Mapping Report File for Design 'top'

Design Information
------------------
Command Line   : map -intstyle ise -p xc3s200-ft256-4 -cm area -ir off -pr off
-c 100 -o top_map.ncd top.ngd top.pcf 
Target Device  : xc3s200
Target Package : ft256
Target Speed   : -4
Mapper Version : spartan3 -- $Revision: 1.55 $
Mapped Date    : Fri May 15 16:36:22 2015

Design Summary
--------------
Number of errors:      0
Number of warnings:    0
Logic Utilization:
  Number of Slice Flip Flops:            62 out of   3,840    1%
  Number of 4 input LUTs:               690 out of   3,840   17%
Logic Distribution:
  Number of occupied Slices:            369 out of   1,920   19%
    Number of Slices containing only related logic:     369 out of     369 100%
    Number of Slices containing unrelated logic:          0 out of     369   0%
      *See NOTES below for an explanation of the effects of unrelated logic.
  Total Number of 4 input LUTs:         710 out of   3,840   18%
    Number used as logic:               434
    Number used as a route-thru:         20
    Number used for Dual Port RAMs:     128
      (Two LUTs used per Dual Port RAM)
    Number used for 32x1 RAMs:          128
      (Two LUTs used per 32x1 RAM)

  The Slice Logic Distribution report is not meaningful if the design is
  over-mapped for a non-slice resource or if Placement fails.

  Number of bonded IOBs:                 15 out of     173    8%
  Number of BUFGMUXs:                     2 out of       8   25%

Average Fanout of Non-Clock Nets:                4.65

Peak Memory Usage:  520 MB
Total REAL time to MAP completion:  1 secs 
Total CPU time to MAP completion:   1 secs 

NOTES:

   Related logic is defined as being logic that shares connectivity - e.g. two
   LUTs are "related" if they share common inputs.  When assembling slices,
   Map gives priority to combine logic that is related.  Doing so results in
   the best timing performance.

   Unrelated logic shares no connectivity.  Map will only begin packing
   unrelated logic into a slice once 99% of the slices are occupied through
   related logic packing.

   Note that once logic distribution reaches the 99% level through related
   logic packing, this does not mean the device is completely utilized.
   Unrelated logic packing will then begin, continuing until all usable LUTs
   and FFs are occupied.  Depending on your timing budget, increased levels of
   unrelated logic packing may adversely affect the overall timing performance
   of your design.

Table of Contents
-----------------
Section 1 - Errors
Section 2 - Warnings
Section 3 - Informational
Section 4 - Removed Logic Summary
Section 5 - Removed Logic
Section 6 - IOB Properties
Section 7 - RPMs
Section 8 - Guide Report
Section 9 - Area Group and Partition Summary
Section 10 - Timing Report
Section 11 - Configuration String Information
Section 12 - Control Set Information
Section 13 - Utilization by Hierarchy

Section 1 - Errors
------------------

Section 2 - Warnings
--------------------

Section 3 - Informational
-------------------------
INFO:LIT:243 - Logical network processor/i_regf/i_portA/N1 has no load.
INFO:LIT:395 - The above info message is repeated 133 more times for the
   following (max. 5 shown):
   processor/i_regf/i_portA/N0,
   processor/i_regf/i_portA/BU2/qdpo<0>,
   processor/i_regf/i_portA/BU2/U0/gen_dp_ram.dpram_inst/qspo_int<31>,
   processor/i_regf/i_portA/BU2/U0/gen_dp_ram.dpram_inst/qspo_int<30>,
   processor/i_regf/i_portA/BU2/U0/gen_dp_ram.dpram_inst/qspo_int<29>
   To see the details of these info messages, please use the -detail switch.
INFO:MapLib:562 - No environment variables are currently set.
INFO:LIT:244 - All of the single ended outputs in this design are using slew
   rate limited output drivers. The delay on speed critical single ended outputs
   can be dramatically reduced by designating them as fast outputs.

Section 4 - Removed Logic Summary
---------------------------------
 264 block(s) removed
   2 block(s) optimized away
 392 signal(s) removed

Section 5 - Removed Logic
-------------------------

The trimmed logic report below shows the logic removed from your design due to
sourceless or loadless signals, and VCC or ground connections.  If the removal
of a signal or symbol results in the subsequent removal of an additional signal
or symbol, the message explaining that second removal will be indented.  This
indentation will be repeated as a chain of related logic is removed.

To quickly locate the original cause for the removal of a chain of logic, look
above the place where that logic is listed in the trimming report, then locate
the lines that are least indented (begin at the leftmost edge).

The signal "processor/i_regf/i_portA/spo<31>" is sourceless and has been
removed.
 Sourceless block
"processor/i_regf/i_portA/BU2/U0/gen_dp_ram.dpram_inst/qspo_int_31" (FF)
removed.
  The signal "processor/i_regf/i_portA/BU2/U0/gen_dp_ram.dpram_inst/qspo_int<31>"
is sourceless and has been removed.
The signal "processor/i_regf/i_portA/spo<30>" is sourceless and has been
removed.
 Sourceless block
"processor/i_regf/i_portA/BU2/U0/gen_dp_ram.dpram_inst/qspo_int_30" (FF)
removed.
  The signal "processor/i_regf/i_portA/BU2/U0/gen_dp_ram.dpram_inst/qspo_int<30>"
is sourceless and has been removed.
The signal "processor/i_regf/i_portA/spo<29>" is sourceless and has been
removed.
 Sourceless block
"processor/i_regf/i_portA/BU2/U0/gen_dp_ram.dpram_inst/qspo_int_29" (FF)
removed.
  The signal "processor/i_regf/i_portA/BU2/U0/gen_dp_ram.dpram_inst/qspo_int<29>"
is sourceless and has been removed.
The signal "processor/i_regf/i_portA/spo<28>" is sourceless and has been
removed.
 Sourceless block
"processor/i_regf/i_portA/BU2/U0/gen_dp_ram.dpram_inst/qspo_int_28" (FF)
removed.
  The signal "processor/i_regf/i_portA/BU2/U0/gen_dp_ram.dpram_inst/qspo_int<28>"
is sourceless and has been removed.
The signal "processor/i_regf/i_portA/spo<27>" is sourceless and has been
removed.
 Sourceless block
"processor/i_regf/i_portA/BU2/U0/gen_dp_ram.dpram_inst/qspo_int_27" (FF)
removed.
  The signal "processor/i_regf/i_portA/BU2/U0/gen_dp_ram.dpram_inst/qspo_int<27>"
is sourceless and has been removed.
The signal "processor/i_regf/i_portA/spo<26>" is sourceless and has been
removed.
 Sourceless block
"processor/i_regf/i_portA/BU2/U0/gen_dp_ram.dpram_inst/qspo_int_26" (FF)
removed.
  The signal "processor/i_regf/i_portA/BU2/U0/gen_dp_ram.dpram_inst/qspo_int<26>"
is sourceless and has been removed.
The signal "processor/i_regf/i_portA/spo<25>" is sourceless and has been
removed.
 Sourceless block
"processor/i_regf/i_portA/BU2/U0/gen_dp_ram.dpram_inst/qspo_int_25" (FF)
removed.
  The signal "processor/i_regf/i_portA/BU2/U0/gen_dp_ram.dpram_inst/qspo_int<25>"
is sourceless and has been removed.
The signal "processor/i_regf/i_portA/spo<24>" is sourceless and has been
removed.
 Sourceless block
"processor/i_regf/i_portA/BU2/U0/gen_dp_ram.dpram_inst/qspo_int_24" (FF)
removed.
  The signal "processor/i_regf/i_portA/BU2/U0/gen_dp_ram.dpram_inst/qspo_int<24>"
is sourceless and has been removed.
The signal "processor/i_regf/i_portA/spo<23>" is sourceless and has been
removed.
 Sourceless block
"processor/i_regf/i_portA/BU2/U0/gen_dp_ram.dpram_inst/qspo_int_23" (FF)
removed.
  The signal "processor/i_regf/i_portA/BU2/U0/gen_dp_ram.dpram_inst/qspo_int<23>"
is sourceless and has been removed.
The signal "processor/i_regf/i_portA/spo<22>" is sourceless and has been
removed.
 Sourceless block
"processor/i_regf/i_portA/BU2/U0/gen_dp_ram.dpram_inst/qspo_int_22" (FF)
removed.
  The signal "processor/i_regf/i_portA/BU2/U0/gen_dp_ram.dpram_inst/qspo_int<22>"
is sourceless and has been removed.
The signal "processor/i_regf/i_portA/spo<21>" is sourceless and has been
removed.
 Sourceless block
"processor/i_regf/i_portA/BU2/U0/gen_dp_ram.dpram_inst/qspo_int_21" (FF)
removed.
  The signal "processor/i_regf/i_portA/BU2/U0/gen_dp_ram.dpram_inst/qspo_int<21>"
is sourceless and has been removed.
The signal "processor/i_regf/i_portA/spo<20>" is sourceless and has been
removed.
 Sourceless block
"processor/i_regf/i_portA/BU2/U0/gen_dp_ram.dpram_inst/qspo_int_20" (FF)
removed.
  The signal "processor/i_regf/i_portA/BU2/U0/gen_dp_ram.dpram_inst/qspo_int<20>"
is sourceless and has been removed.
The signal "processor/i_regf/i_portA/spo<19>" is sourceless and has been
removed.
 Sourceless block
"processor/i_regf/i_portA/BU2/U0/gen_dp_ram.dpram_inst/qspo_int_19" (FF)
removed.
  The signal "processor/i_regf/i_portA/BU2/U0/gen_dp_ram.dpram_inst/qspo_int<19>"
is sourceless and has been removed.
The signal "processor/i_regf/i_portA/spo<18>" is sourceless and has been
removed.
 Sourceless block
"processor/i_regf/i_portA/BU2/U0/gen_dp_ram.dpram_inst/qspo_int_18" (FF)
removed.
  The signal "processor/i_regf/i_portA/BU2/U0/gen_dp_ram.dpram_inst/qspo_int<18>"
is sourceless and has been removed.
The signal "processor/i_regf/i_portA/spo<17>" is sourceless and has been
removed.
 Sourceless block
"processor/i_regf/i_portA/BU2/U0/gen_dp_ram.dpram_inst/qspo_int_17" (FF)
removed.
  The signal "processor/i_regf/i_portA/BU2/U0/gen_dp_ram.dpram_inst/qspo_int<17>"
is sourceless and has been removed.
The signal "processor/i_regf/i_portA/spo<16>" is sourceless and has been
removed.
 Sourceless block
"processor/i_regf/i_portA/BU2/U0/gen_dp_ram.dpram_inst/qspo_int_16" (FF)
removed.
  The signal "processor/i_regf/i_portA/BU2/U0/gen_dp_ram.dpram_inst/qspo_int<16>"
is sourceless and has been removed.
The signal "processor/i_regf/i_portA/spo<15>" is sourceless and has been
removed.
 Sourceless block
"processor/i_regf/i_portA/BU2/U0/gen_dp_ram.dpram_inst/qspo_int_15" (FF)
removed.
  The signal "processor/i_regf/i_portA/BU2/U0/gen_dp_ram.dpram_inst/qspo_int<15>"
is sourceless and has been removed.
The signal "processor/i_regf/i_portA/spo<14>" is sourceless and has been
removed.
 Sourceless block
"processor/i_regf/i_portA/BU2/U0/gen_dp_ram.dpram_inst/qspo_int_14" (FF)
removed.
  The signal "processor/i_regf/i_portA/BU2/U0/gen_dp_ram.dpram_inst/qspo_int<14>"
is sourceless and has been removed.
The signal "processor/i_regf/i_portA/spo<13>" is sourceless and has been
removed.
 Sourceless block
"processor/i_regf/i_portA/BU2/U0/gen_dp_ram.dpram_inst/qspo_int_13" (FF)
removed.
  The signal "processor/i_regf/i_portA/BU2/U0/gen_dp_ram.dpram_inst/qspo_int<13>"
is sourceless and has been removed.
The signal "processor/i_regf/i_portA/spo<12>" is sourceless and has been
removed.
 Sourceless block
"processor/i_regf/i_portA/BU2/U0/gen_dp_ram.dpram_inst/qspo_int_12" (FF)
removed.
  The signal "processor/i_regf/i_portA/BU2/U0/gen_dp_ram.dpram_inst/qspo_int<12>"
is sourceless and has been removed.
The signal "processor/i_regf/i_portA/spo<11>" is sourceless and has been
removed.
 Sourceless block
"processor/i_regf/i_portA/BU2/U0/gen_dp_ram.dpram_inst/qspo_int_11" (FF)
removed.
  The signal "processor/i_regf/i_portA/BU2/U0/gen_dp_ram.dpram_inst/qspo_int<11>"
is sourceless and has been removed.
The signal "processor/i_regf/i_portA/spo<10>" is sourceless and has been
removed.
 Sourceless block
"processor/i_regf/i_portA/BU2/U0/gen_dp_ram.dpram_inst/qspo_int_10" (FF)
removed.
  The signal "processor/i_regf/i_portA/BU2/U0/gen_dp_ram.dpram_inst/qspo_int<10>"
is sourceless and has been removed.
The signal "processor/i_regf/i_portA/spo<9>" is sourceless and has been removed.
 Sourceless block
"processor/i_regf/i_portA/BU2/U0/gen_dp_ram.dpram_inst/qspo_int_9" (FF) removed.
  The signal "processor/i_regf/i_portA/BU2/U0/gen_dp_ram.dpram_inst/qspo_int<9>"
is sourceless and has been removed.
The signal "processor/i_regf/i_portA/spo<8>" is sourceless and has been removed.
 Sourceless block
"processor/i_regf/i_portA/BU2/U0/gen_dp_ram.dpram_inst/qspo_int_8" (FF) removed.
  The signal "processor/i_regf/i_portA/BU2/U0/gen_dp_ram.dpram_inst/qspo_int<8>"
is sourceless and has been removed.
The signal "processor/i_regf/i_portA/spo<7>" is sourceless and has been removed.
 Sourceless block
"processor/i_regf/i_portA/BU2/U0/gen_dp_ram.dpram_inst/qspo_int_7" (FF) removed.
  The signal "processor/i_regf/i_portA/BU2/U0/gen_dp_ram.dpram_inst/qspo_int<7>"
is sourceless and has been removed.
The signal "processor/i_regf/i_portA/spo<6>" is sourceless and has been removed.
 Sourceless block
"processor/i_regf/i_portA/BU2/U0/gen_dp_ram.dpram_inst/qspo_int_6" (FF) removed.
  The signal "processor/i_regf/i_portA/BU2/U0/gen_dp_ram.dpram_inst/qspo_int<6>"
is sourceless and has been removed.
The signal "processor/i_regf/i_portA/spo<5>" is sourceless and has been removed.
 Sourceless block
"processor/i_regf/i_portA/BU2/U0/gen_dp_ram.dpram_inst/qspo_int_5" (FF) removed.
  The signal "processor/i_regf/i_portA/BU2/U0/gen_dp_ram.dpram_inst/qspo_int<5>"
is sourceless and has been removed.
The signal "processor/i_regf/i_portA/spo<4>" is sourceless and has been removed.
 Sourceless block
"processor/i_regf/i_portA/BU2/U0/gen_dp_ram.dpram_inst/qspo_int_4" (FF) removed.
  The signal "processor/i_regf/i_portA/BU2/U0/gen_dp_ram.dpram_inst/qspo_int<4>"
is sourceless and has been removed.
The signal "processor/i_regf/i_portA/spo<3>" is sourceless and has been removed.
 Sourceless block
"processor/i_regf/i_portA/BU2/U0/gen_dp_ram.dpram_inst/qspo_int_3" (FF) removed.
  The signal "processor/i_regf/i_portA/BU2/U0/gen_dp_ram.dpram_inst/qspo_int<3>"
is sourceless and has been removed.
The signal "processor/i_regf/i_portA/spo<2>" is sourceless and has been removed.
 Sourceless block
"processor/i_regf/i_portA/BU2/U0/gen_dp_ram.dpram_inst/qspo_int_2" (FF) removed.
  The signal "processor/i_regf/i_portA/BU2/U0/gen_dp_ram.dpram_inst/qspo_int<2>"
is sourceless and has been removed.
The signal "processor/i_regf/i_portA/spo<1>" is sourceless and has been removed.
 Sourceless block
"processor/i_regf/i_portA/BU2/U0/gen_dp_ram.dpram_inst/qspo_int_1" (FF) removed.
  The signal "processor/i_regf/i_portA/BU2/U0/gen_dp_ram.dpram_inst/qspo_int<1>"
is sourceless and has been removed.
The signal "processor/i_regf/i_portA/spo<0>" is sourceless and has been removed.
 Sourceless block
"processor/i_regf/i_portA/BU2/U0/gen_dp_ram.dpram_inst/qspo_int_0" (FF) removed.
  The signal "processor/i_regf/i_portA/BU2/U0/gen_dp_ram.dpram_inst/qspo_int<0>"
is sourceless and has been removed.
The signal "processor/i_regf/i_portA/N1" is sourceless and has been removed.
The signal "processor/i_regf/i_portA/N0" is sourceless and has been removed.
The signal "processor/i_regf/i_portA/BU2/qdpo<0>" is sourceless and has been
removed.
The signal "processor/i_regf/i_portA/BU2/U0/gen_dp_ram.dpram_inst/write_ctrl1"
is sourceless and has been removed.
The signal "processor/i_regf/i_portA/BU2/U0/gen_dp_ram.dpram_inst/N130" is
sourceless and has been removed.
 Sourceless block
"processor/i_regf/i_portA/BU2/U0/gen_dp_ram.dpram_inst/inst_LPM_MUX31111" (ROM)
removed.
The signal "processor/i_regf/i_portA/BU2/U0/gen_dp_ram.dpram_inst/N131" is
sourceless and has been removed.
The signal "processor/i_regf/i_portA/BU2/U0/gen_dp_ram.dpram_inst/N128" is
sourceless and has been removed.
The signal "processor/i_regf/i_portA/BU2/U0/gen_dp_ram.dpram_inst/N126" is
sourceless and has been removed.
 Sourceless block
"processor/i_regf/i_portA/BU2/U0/gen_dp_ram.dpram_inst/inst_LPM_MUX3011" (ROM)
removed.
The signal "processor/i_regf/i_portA/BU2/U0/gen_dp_ram.dpram_inst/N127" is
sourceless and has been removed.
The signal "processor/i_regf/i_portA/BU2/U0/gen_dp_ram.dpram_inst/N124" is
sourceless and has been removed.
The signal "processor/i_regf/i_portA/BU2/U0/gen_dp_ram.dpram_inst/N122" is
sourceless and has been removed.
 Sourceless block
"processor/i_regf/i_portA/BU2/U0/gen_dp_ram.dpram_inst/inst_LPM_MUX2911" (ROM)
removed.
The signal "processor/i_regf/i_portA/BU2/U0/gen_dp_ram.dpram_inst/N123" is
sourceless and has been removed.
The signal "processor/i_regf/i_portA/BU2/U0/gen_dp_ram.dpram_inst/N120" is
sourceless and has been removed.
The signal "processor/i_regf/i_portA/BU2/U0/gen_dp_ram.dpram_inst/N118" is
sourceless and has been removed.
 Sourceless block
"processor/i_regf/i_portA/BU2/U0/gen_dp_ram.dpram_inst/inst_LPM_MUX2811" (ROM)
removed.
The signal "processor/i_regf/i_portA/BU2/U0/gen_dp_ram.dpram_inst/N119" is
sourceless and has been removed.
The signal "processor/i_regf/i_portA/BU2/U0/gen_dp_ram.dpram_inst/N116" is
sourceless and has been removed.
The signal "processor/i_regf/i_portA/BU2/U0/gen_dp_ram.dpram_inst/N114" is
sourceless and has been removed.
 Sourceless block
"processor/i_regf/i_portA/BU2/U0/gen_dp_ram.dpram_inst/inst_LPM_MUX2711" (ROM)
removed.
The signal "processor/i_regf/i_portA/BU2/U0/gen_dp_ram.dpram_inst/N115" is
sourceless and has been removed.
The signal "processor/i_regf/i_portA/BU2/U0/gen_dp_ram.dpram_inst/N112" is
sourceless and has been removed.
The signal "processor/i_regf/i_portA/BU2/U0/gen_dp_ram.dpram_inst/N110" is
sourceless and has been removed.
 Sourceless block
"processor/i_regf/i_portA/BU2/U0/gen_dp_ram.dpram_inst/inst_LPM_MUX2611" (ROM)
removed.
The signal "processor/i_regf/i_portA/BU2/U0/gen_dp_ram.dpram_inst/N111" is
sourceless and has been removed.
The signal "processor/i_regf/i_portA/BU2/U0/gen_dp_ram.dpram_inst/N108" is
sourceless and has been removed.
The signal "processor/i_regf/i_portA/BU2/U0/gen_dp_ram.dpram_inst/N106" is
sourceless and has been removed.
 Sourceless block
"processor/i_regf/i_portA/BU2/U0/gen_dp_ram.dpram_inst/inst_LPM_MUX2511" (ROM)
removed.
The signal "processor/i_regf/i_portA/BU2/U0/gen_dp_ram.dpram_inst/N107" is
sourceless and has been removed.
The signal "processor/i_regf/i_portA/BU2/U0/gen_dp_ram.dpram_inst/N104" is
sourceless and has been removed.
The signal "processor/i_regf/i_portA/BU2/U0/gen_dp_ram.dpram_inst/N102" is
sourceless and has been removed.
 Sourceless block
"processor/i_regf/i_portA/BU2/U0/gen_dp_ram.dpram_inst/inst_LPM_MUX2411" (ROM)
removed.
The signal "processor/i_regf/i_portA/BU2/U0/gen_dp_ram.dpram_inst/N103" is
sourceless and has been removed.
The signal "processor/i_regf/i_portA/BU2/U0/gen_dp_ram.dpram_inst/N100" is
sourceless and has been removed.
The signal "processor/i_regf/i_portA/BU2/U0/gen_dp_ram.dpram_inst/N98" is
sourceless and has been removed.
 Sourceless block
"processor/i_regf/i_portA/BU2/U0/gen_dp_ram.dpram_inst/inst_LPM_MUX2311" (ROM)
removed.
The signal "processor/i_regf/i_portA/BU2/U0/gen_dp_ram.dpram_inst/N99" is
sourceless and has been removed.
The signal "processor/i_regf/i_portA/BU2/U0/gen_dp_ram.dpram_inst/N96" is
sourceless and has been removed.
The signal "processor/i_regf/i_portA/BU2/U0/gen_dp_ram.dpram_inst/N94" is
sourceless and has been removed.
 Sourceless block
"processor/i_regf/i_portA/BU2/U0/gen_dp_ram.dpram_inst/inst_LPM_MUX2211" (ROM)
removed.
The signal "processor/i_regf/i_portA/BU2/U0/gen_dp_ram.dpram_inst/N95" is
sourceless and has been removed.
The signal "processor/i_regf/i_portA/BU2/U0/gen_dp_ram.dpram_inst/N92" is
sourceless and has been removed.
The signal "processor/i_regf/i_portA/BU2/U0/gen_dp_ram.dpram_inst/N90" is
sourceless and has been removed.
 Sourceless block
"processor/i_regf/i_portA/BU2/U0/gen_dp_ram.dpram_inst/inst_LPM_MUX21111" (ROM)
removed.
The signal "processor/i_regf/i_portA/BU2/U0/gen_dp_ram.dpram_inst/N91" is
sourceless and has been removed.
The signal "processor/i_regf/i_portA/BU2/U0/gen_dp_ram.dpram_inst/N88" is
sourceless and has been removed.
The signal "processor/i_regf/i_portA/BU2/U0/gen_dp_ram.dpram_inst/N86" is
sourceless and has been removed.
 Sourceless block
"processor/i_regf/i_portA/BU2/U0/gen_dp_ram.dpram_inst/inst_LPM_MUX2011" (ROM)
removed.
The signal "processor/i_regf/i_portA/BU2/U0/gen_dp_ram.dpram_inst/N87" is
sourceless and has been removed.
The signal "processor/i_regf/i_portA/BU2/U0/gen_dp_ram.dpram_inst/N84" is
sourceless and has been removed.
The signal "processor/i_regf/i_portA/BU2/U0/gen_dp_ram.dpram_inst/N82" is
sourceless and has been removed.
 Sourceless block
"processor/i_regf/i_portA/BU2/U0/gen_dp_ram.dpram_inst/inst_LPM_MUX1911" (ROM)
removed.
The signal "processor/i_regf/i_portA/BU2/U0/gen_dp_ram.dpram_inst/N83" is
sourceless and has been removed.
The signal "processor/i_regf/i_portA/BU2/U0/gen_dp_ram.dpram_inst/N80" is
sourceless and has been removed.
The signal "processor/i_regf/i_portA/BU2/U0/gen_dp_ram.dpram_inst/N78" is
sourceless and has been removed.
 Sourceless block
"processor/i_regf/i_portA/BU2/U0/gen_dp_ram.dpram_inst/inst_LPM_MUX1811" (ROM)
removed.
The signal "processor/i_regf/i_portA/BU2/U0/gen_dp_ram.dpram_inst/N79" is
sourceless and has been removed.
The signal "processor/i_regf/i_portA/BU2/U0/gen_dp_ram.dpram_inst/N76" is
sourceless and has been removed.
The signal "processor/i_regf/i_portA/BU2/U0/gen_dp_ram.dpram_inst/N74" is
sourceless and has been removed.
 Sourceless block
"processor/i_regf/i_portA/BU2/U0/gen_dp_ram.dpram_inst/inst_LPM_MUX1711" (ROM)
removed.
The signal "processor/i_regf/i_portA/BU2/U0/gen_dp_ram.dpram_inst/N75" is
sourceless and has been removed.
The signal "processor/i_regf/i_portA/BU2/U0/gen_dp_ram.dpram_inst/N72" is
sourceless and has been removed.
The signal "processor/i_regf/i_portA/BU2/U0/gen_dp_ram.dpram_inst/N70" is
sourceless and has been removed.
 Sourceless block
"processor/i_regf/i_portA/BU2/U0/gen_dp_ram.dpram_inst/inst_LPM_MUX1611" (ROM)
removed.
The signal "processor/i_regf/i_portA/BU2/U0/gen_dp_ram.dpram_inst/N71" is
sourceless and has been removed.
The signal "processor/i_regf/i_portA/BU2/U0/gen_dp_ram.dpram_inst/N68" is
sourceless and has been removed.
The signal "processor/i_regf/i_portA/BU2/U0/gen_dp_ram.dpram_inst/N66" is
sourceless and has been removed.
 Sourceless block
"processor/i_regf/i_portA/BU2/U0/gen_dp_ram.dpram_inst/inst_LPM_MUX1511" (ROM)
removed.
The signal "processor/i_regf/i_portA/BU2/U0/gen_dp_ram.dpram_inst/N67" is
sourceless and has been removed.
The signal "processor/i_regf/i_portA/BU2/U0/gen_dp_ram.dpram_inst/N64" is
sourceless and has been removed.
The signal "processor/i_regf/i_portA/BU2/U0/gen_dp_ram.dpram_inst/N62" is
sourceless and has been removed.
 Sourceless block
"processor/i_regf/i_portA/BU2/U0/gen_dp_ram.dpram_inst/inst_LPM_MUX1411" (ROM)
removed.
The signal "processor/i_regf/i_portA/BU2/U0/gen_dp_ram.dpram_inst/N63" is
sourceless and has been removed.
The signal "processor/i_regf/i_portA/BU2/U0/gen_dp_ram.dpram_inst/N60" is
sourceless and has been removed.
The signal "processor/i_regf/i_portA/BU2/U0/gen_dp_ram.dpram_inst/N58" is
sourceless and has been removed.
 Sourceless block
"processor/i_regf/i_portA/BU2/U0/gen_dp_ram.dpram_inst/inst_LPM_MUX1311" (ROM)
removed.
The signal "processor/i_regf/i_portA/BU2/U0/gen_dp_ram.dpram_inst/N59" is
sourceless and has been removed.
The signal "processor/i_regf/i_portA/BU2/U0/gen_dp_ram.dpram_inst/N56" is
sourceless and has been removed.
The signal "processor/i_regf/i_portA/BU2/U0/gen_dp_ram.dpram_inst/N54" is
sourceless and has been removed.
 Sourceless block
"processor/i_regf/i_portA/BU2/U0/gen_dp_ram.dpram_inst/inst_LPM_MUX1211" (ROM)
removed.
The signal "processor/i_regf/i_portA/BU2/U0/gen_dp_ram.dpram_inst/N55" is
sourceless and has been removed.
The signal "processor/i_regf/i_portA/BU2/U0/gen_dp_ram.dpram_inst/N52" is
sourceless and has been removed.
The signal "processor/i_regf/i_portA/BU2/U0/gen_dp_ram.dpram_inst/N50" is
sourceless and has been removed.
 Sourceless block
"processor/i_regf/i_portA/BU2/U0/gen_dp_ram.dpram_inst/inst_LPM_MUX11111" (ROM)
removed.
The signal "processor/i_regf/i_portA/BU2/U0/gen_dp_ram.dpram_inst/N51" is
sourceless and has been removed.
The signal "processor/i_regf/i_portA/BU2/U0/gen_dp_ram.dpram_inst/N48" is
sourceless and has been removed.
The signal "processor/i_regf/i_portA/BU2/U0/gen_dp_ram.dpram_inst/N46" is
sourceless and has been removed.
 Sourceless block
"processor/i_regf/i_portA/BU2/U0/gen_dp_ram.dpram_inst/inst_LPM_MUX1011" (ROM)
removed.
The signal "processor/i_regf/i_portA/BU2/U0/gen_dp_ram.dpram_inst/N47" is
sourceless and has been removed.
The signal "processor/i_regf/i_portA/BU2/U0/gen_dp_ram.dpram_inst/N44" is
sourceless and has been removed.
The signal "processor/i_regf/i_portA/BU2/U0/gen_dp_ram.dpram_inst/N42" is
sourceless and has been removed.
 Sourceless block
"processor/i_regf/i_portA/BU2/U0/gen_dp_ram.dpram_inst/inst_LPM_MUX911" (ROM)
removed.
The signal "processor/i_regf/i_portA/BU2/U0/gen_dp_ram.dpram_inst/N43" is
sourceless and has been removed.
The signal "processor/i_regf/i_portA/BU2/U0/gen_dp_ram.dpram_inst/N40" is
sourceless and has been removed.
The signal "processor/i_regf/i_portA/BU2/U0/gen_dp_ram.dpram_inst/N38" is
sourceless and has been removed.
 Sourceless block
"processor/i_regf/i_portA/BU2/U0/gen_dp_ram.dpram_inst/inst_LPM_MUX811" (ROM)
removed.
The signal "processor/i_regf/i_portA/BU2/U0/gen_dp_ram.dpram_inst/N39" is
sourceless and has been removed.
The signal "processor/i_regf/i_portA/BU2/U0/gen_dp_ram.dpram_inst/N36" is
sourceless and has been removed.
The signal "processor/i_regf/i_portA/BU2/U0/gen_dp_ram.dpram_inst/N34" is
sourceless and has been removed.
 Sourceless block
"processor/i_regf/i_portA/BU2/U0/gen_dp_ram.dpram_inst/inst_LPM_MUX711" (ROM)
removed.
The signal "processor/i_regf/i_portA/BU2/U0/gen_dp_ram.dpram_inst/N35" is
sourceless and has been removed.
The signal "processor/i_regf/i_portA/BU2/U0/gen_dp_ram.dpram_inst/N32" is
sourceless and has been removed.
The signal "processor/i_regf/i_portA/BU2/U0/gen_dp_ram.dpram_inst/N30" is
sourceless and has been removed.
 Sourceless block
"processor/i_regf/i_portA/BU2/U0/gen_dp_ram.dpram_inst/inst_LPM_MUX6111" (ROM)
removed.
The signal "processor/i_regf/i_portA/BU2/U0/gen_dp_ram.dpram_inst/N31" is
sourceless and has been removed.
The signal "processor/i_regf/i_portA/BU2/U0/gen_dp_ram.dpram_inst/N28" is
sourceless and has been removed.
The signal "processor/i_regf/i_portA/BU2/U0/gen_dp_ram.dpram_inst/N26" is
sourceless and has been removed.
 Sourceless block
"processor/i_regf/i_portA/BU2/U0/gen_dp_ram.dpram_inst/inst_LPM_MUX5111" (ROM)
removed.
The signal "processor/i_regf/i_portA/BU2/U0/gen_dp_ram.dpram_inst/N27" is
sourceless and has been removed.
The signal "processor/i_regf/i_portA/BU2/U0/gen_dp_ram.dpram_inst/N24" is
sourceless and has been removed.
The signal "processor/i_regf/i_portA/BU2/U0/gen_dp_ram.dpram_inst/N22" is
sourceless and has been removed.
 Sourceless block
"processor/i_regf/i_portA/BU2/U0/gen_dp_ram.dpram_inst/inst_LPM_MUX4111" (ROM)
removed.
The signal "processor/i_regf/i_portA/BU2/U0/gen_dp_ram.dpram_inst/N23" is
sourceless and has been removed.
The signal "processor/i_regf/i_portA/BU2/U0/gen_dp_ram.dpram_inst/N20" is
sourceless and has been removed.
The signal "processor/i_regf/i_portA/BU2/U0/gen_dp_ram.dpram_inst/N18" is
sourceless and has been removed.
 Sourceless block
"processor/i_regf/i_portA/BU2/U0/gen_dp_ram.dpram_inst/inst_LPM_MUX3111" (ROM)
removed.
The signal "processor/i_regf/i_portA/BU2/U0/gen_dp_ram.dpram_inst/N19" is
sourceless and has been removed.
The signal "processor/i_regf/i_portA/BU2/U0/gen_dp_ram.dpram_inst/N16" is
sourceless and has been removed.
The signal "processor/i_regf/i_portA/BU2/U0/gen_dp_ram.dpram_inst/N14" is
sourceless and has been removed.
 Sourceless block
"processor/i_regf/i_portA/BU2/U0/gen_dp_ram.dpram_inst/inst_LPM_MUX2111" (ROM)
removed.
The signal "processor/i_regf/i_portA/BU2/U0/gen_dp_ram.dpram_inst/N15" is
sourceless and has been removed.
The signal "processor/i_regf/i_portA/BU2/U0/gen_dp_ram.dpram_inst/N12" is
sourceless and has been removed.
The signal "processor/i_regf/i_portA/BU2/U0/gen_dp_ram.dpram_inst/N10" is
sourceless and has been removed.
 Sourceless block
"processor/i_regf/i_portA/BU2/U0/gen_dp_ram.dpram_inst/inst_LPM_MUX1111" (ROM)
removed.
The signal "processor/i_regf/i_portA/BU2/U0/gen_dp_ram.dpram_inst/N11" is
sourceless and has been removed.
The signal "processor/i_regf/i_portA/BU2/U0/gen_dp_ram.dpram_inst/N8" is
sourceless and has been removed.
The signal "processor/i_regf/i_portA/BU2/U0/gen_dp_ram.dpram_inst/N4" is
sourceless and has been removed.
 Sourceless block
"processor/i_regf/i_portA/BU2/U0/gen_dp_ram.dpram_inst/inst_LPM_MUX11" (ROM)
removed.
The signal "processor/i_regf/i_portA/BU2/U0/gen_dp_ram.dpram_inst/N6" is
sourceless and has been removed.
The signal "processor/i_regf/i_portA/BU2/U0/gen_dp_ram.dpram_inst/N7" is
sourceless and has been removed.
The signal "processor/i_regf/i_portA/BU2/U0/gen_dp_ram.dpram_inst/qdpo_int<31>"
is sourceless and has been removed.
The signal "processor/i_regf/i_portA/BU2/U0/gen_dp_ram.dpram_inst/qdpo_int<30>"
is sourceless and has been removed.
The signal "processor/i_regf/i_portA/BU2/U0/gen_dp_ram.dpram_inst/qdpo_int<29>"
is sourceless and has been removed.
The signal "processor/i_regf/i_portA/BU2/U0/gen_dp_ram.dpram_inst/qdpo_int<28>"
is sourceless and has been removed.
The signal "processor/i_regf/i_portA/BU2/U0/gen_dp_ram.dpram_inst/qdpo_int<27>"
is sourceless and has been removed.
The signal "processor/i_regf/i_portA/BU2/U0/gen_dp_ram.dpram_inst/qdpo_int<26>"
is sourceless and has been removed.
The signal "processor/i_regf/i_portA/BU2/U0/gen_dp_ram.dpram_inst/qdpo_int<25>"
is sourceless and has been removed.
The signal "processor/i_regf/i_portA/BU2/U0/gen_dp_ram.dpram_inst/qdpo_int<24>"
is sourceless and has been removed.
The signal "processor/i_regf/i_portA/BU2/U0/gen_dp_ram.dpram_inst/qdpo_int<23>"
is sourceless and has been removed.
The signal "processor/i_regf/i_portA/BU2/U0/gen_dp_ram.dpram_inst/qdpo_int<22>"
is sourceless and has been removed.
The signal "processor/i_regf/i_portA/BU2/U0/gen_dp_ram.dpram_inst/qdpo_int<21>"
is sourceless and has been removed.
The signal "processor/i_regf/i_portA/BU2/U0/gen_dp_ram.dpram_inst/qdpo_int<20>"
is sourceless and has been removed.
The signal "processor/i_regf/i_portA/BU2/U0/gen_dp_ram.dpram_inst/qdpo_int<19>"
is sourceless and has been removed.
The signal "processor/i_regf/i_portA/BU2/U0/gen_dp_ram.dpram_inst/qdpo_int<18>"
is sourceless and has been removed.
The signal "processor/i_regf/i_portA/BU2/U0/gen_dp_ram.dpram_inst/qdpo_int<17>"
is sourceless and has been removed.
The signal "processor/i_regf/i_portA/BU2/U0/gen_dp_ram.dpram_inst/qdpo_int<16>"
is sourceless and has been removed.
The signal "processor/i_regf/i_portA/BU2/U0/gen_dp_ram.dpram_inst/qdpo_int<15>"
is sourceless and has been removed.
The signal "processor/i_regf/i_portA/BU2/U0/gen_dp_ram.dpram_inst/qdpo_int<14>"
is sourceless and has been removed.
The signal "processor/i_regf/i_portA/BU2/U0/gen_dp_ram.dpram_inst/qdpo_int<13>"
is sourceless and has been removed.
The signal "processor/i_regf/i_portA/BU2/U0/gen_dp_ram.dpram_inst/qdpo_int<12>"
is sourceless and has been removed.
The signal "processor/i_regf/i_portA/BU2/U0/gen_dp_ram.dpram_inst/qdpo_int<11>"
is sourceless and has been removed.
The signal "processor/i_regf/i_portA/BU2/U0/gen_dp_ram.dpram_inst/qdpo_int<10>"
is sourceless and has been removed.
The signal "processor/i_regf/i_portA/BU2/U0/gen_dp_ram.dpram_inst/qdpo_int<9>"
is sourceless and has been removed.
The signal "processor/i_regf/i_portA/BU2/U0/gen_dp_ram.dpram_inst/qdpo_int<8>"
is sourceless and has been removed.
The signal "processor/i_regf/i_portA/BU2/U0/gen_dp_ram.dpram_inst/qdpo_int<7>"
is sourceless and has been removed.
The signal "processor/i_regf/i_portA/BU2/U0/gen_dp_ram.dpram_inst/qdpo_int<6>"
is sourceless and has been removed.
The signal "processor/i_regf/i_portA/BU2/U0/gen_dp_ram.dpram_inst/qdpo_int<5>"
is sourceless and has been removed.
The signal "processor/i_regf/i_portA/BU2/U0/gen_dp_ram.dpram_inst/qdpo_int<4>"
is sourceless and has been removed.
The signal "processor/i_regf/i_portA/BU2/U0/gen_dp_ram.dpram_inst/qdpo_int<3>"
is sourceless and has been removed.
The signal "processor/i_regf/i_portA/BU2/U0/gen_dp_ram.dpram_inst/qdpo_int<2>"
is sourceless and has been removed.
The signal "processor/i_regf/i_portA/BU2/U0/gen_dp_ram.dpram_inst/qdpo_int<1>"
is sourceless and has been removed.
The signal "processor/i_regf/i_portA/BU2/U0/gen_dp_ram.dpram_inst/qdpo_int<0>"
is sourceless and has been removed.
The signal "processor/i_regf/i_portB/spo<31>" is sourceless and has been
removed.
 Sourceless block
"processor/i_regf/i_portB/BU2/U0/gen_dp_ram.dpram_inst/qspo_int_31" (FF)
removed.
  The signal "processor/i_regf/i_portB/BU2/U0/gen_dp_ram.dpram_inst/qspo_int<31>"
is sourceless and has been removed.
The signal "processor/i_regf/i_portB/spo<30>" is sourceless and has been
removed.
 Sourceless block
"processor/i_regf/i_portB/BU2/U0/gen_dp_ram.dpram_inst/qspo_int_30" (FF)
removed.
  The signal "processor/i_regf/i_portB/BU2/U0/gen_dp_ram.dpram_inst/qspo_int<30>"
is sourceless and has been removed.
The signal "processor/i_regf/i_portB/spo<29>" is sourceless and has been
removed.
 Sourceless block
"processor/i_regf/i_portB/BU2/U0/gen_dp_ram.dpram_inst/qspo_int_29" (FF)
removed.
  The signal "processor/i_regf/i_portB/BU2/U0/gen_dp_ram.dpram_inst/qspo_int<29>"
is sourceless and has been removed.
The signal "processor/i_regf/i_portB/spo<28>" is sourceless and has been
removed.
 Sourceless block
"processor/i_regf/i_portB/BU2/U0/gen_dp_ram.dpram_inst/qspo_int_28" (FF)
removed.
  The signal "processor/i_regf/i_portB/BU2/U0/gen_dp_ram.dpram_inst/qspo_int<28>"
is sourceless and has been removed.
The signal "processor/i_regf/i_portB/spo<27>" is sourceless and has been
removed.
 Sourceless block
"processor/i_regf/i_portB/BU2/U0/gen_dp_ram.dpram_inst/qspo_int_27" (FF)
removed.
  The signal "processor/i_regf/i_portB/BU2/U0/gen_dp_ram.dpram_inst/qspo_int<27>"
is sourceless and has been removed.
The signal "processor/i_regf/i_portB/spo<26>" is sourceless and has been
removed.
 Sourceless block
"processor/i_regf/i_portB/BU2/U0/gen_dp_ram.dpram_inst/qspo_int_26" (FF)
removed.
  The signal "processor/i_regf/i_portB/BU2/U0/gen_dp_ram.dpram_inst/qspo_int<26>"
is sourceless and has been removed.
The signal "processor/i_regf/i_portB/spo<25>" is sourceless and has been
removed.
 Sourceless block
"processor/i_regf/i_portB/BU2/U0/gen_dp_ram.dpram_inst/qspo_int_25" (FF)
removed.
  The signal "processor/i_regf/i_portB/BU2/U0/gen_dp_ram.dpram_inst/qspo_int<25>"
is sourceless and has been removed.
The signal "processor/i_regf/i_portB/spo<24>" is sourceless and has been
removed.
 Sourceless block
"processor/i_regf/i_portB/BU2/U0/gen_dp_ram.dpram_inst/qspo_int_24" (FF)
removed.
  The signal "processor/i_regf/i_portB/BU2/U0/gen_dp_ram.dpram_inst/qspo_int<24>"
is sourceless and has been removed.
The signal "processor/i_regf/i_portB/spo<23>" is sourceless and has been
removed.
 Sourceless block
"processor/i_regf/i_portB/BU2/U0/gen_dp_ram.dpram_inst/qspo_int_23" (FF)
removed.
  The signal "processor/i_regf/i_portB/BU2/U0/gen_dp_ram.dpram_inst/qspo_int<23>"
is sourceless and has been removed.
The signal "processor/i_regf/i_portB/spo<22>" is sourceless and has been
removed.
 Sourceless block
"processor/i_regf/i_portB/BU2/U0/gen_dp_ram.dpram_inst/qspo_int_22" (FF)
removed.
  The signal "processor/i_regf/i_portB/BU2/U0/gen_dp_ram.dpram_inst/qspo_int<22>"
is sourceless and has been removed.
The signal "processor/i_regf/i_portB/spo<21>" is sourceless and has been
removed.
 Sourceless block
"processor/i_regf/i_portB/BU2/U0/gen_dp_ram.dpram_inst/qspo_int_21" (FF)
removed.
  The signal "processor/i_regf/i_portB/BU2/U0/gen_dp_ram.dpram_inst/qspo_int<21>"
is sourceless and has been removed.
The signal "processor/i_regf/i_portB/spo<20>" is sourceless and has been
removed.
 Sourceless block
"processor/i_regf/i_portB/BU2/U0/gen_dp_ram.dpram_inst/qspo_int_20" (FF)
removed.
  The signal "processor/i_regf/i_portB/BU2/U0/gen_dp_ram.dpram_inst/qspo_int<20>"
is sourceless and has been removed.
The signal "processor/i_regf/i_portB/spo<19>" is sourceless and has been
removed.
 Sourceless block
"processor/i_regf/i_portB/BU2/U0/gen_dp_ram.dpram_inst/qspo_int_19" (FF)
removed.
  The signal "processor/i_regf/i_portB/BU2/U0/gen_dp_ram.dpram_inst/qspo_int<19>"
is sourceless and has been removed.
The signal "processor/i_regf/i_portB/spo<18>" is sourceless and has been
removed.
 Sourceless block
"processor/i_regf/i_portB/BU2/U0/gen_dp_ram.dpram_inst/qspo_int_18" (FF)
removed.
  The signal "processor/i_regf/i_portB/BU2/U0/gen_dp_ram.dpram_inst/qspo_int<18>"
is sourceless and has been removed.
The signal "processor/i_regf/i_portB/spo<17>" is sourceless and has been
removed.
 Sourceless block
"processor/i_regf/i_portB/BU2/U0/gen_dp_ram.dpram_inst/qspo_int_17" (FF)
removed.
  The signal "processor/i_regf/i_portB/BU2/U0/gen_dp_ram.dpram_inst/qspo_int<17>"
is sourceless and has been removed.
The signal "processor/i_regf/i_portB/spo<16>" is sourceless and has been
removed.
 Sourceless block
"processor/i_regf/i_portB/BU2/U0/gen_dp_ram.dpram_inst/qspo_int_16" (FF)
removed.
  The signal "processor/i_regf/i_portB/BU2/U0/gen_dp_ram.dpram_inst/qspo_int<16>"
is sourceless and has been removed.
The signal "processor/i_regf/i_portB/spo<15>" is sourceless and has been
removed.
 Sourceless block
"processor/i_regf/i_portB/BU2/U0/gen_dp_ram.dpram_inst/qspo_int_15" (FF)
removed.
  The signal "processor/i_regf/i_portB/BU2/U0/gen_dp_ram.dpram_inst/qspo_int<15>"
is sourceless and has been removed.
The signal "processor/i_regf/i_portB/spo<14>" is sourceless and has been
removed.
 Sourceless block
"processor/i_regf/i_portB/BU2/U0/gen_dp_ram.dpram_inst/qspo_int_14" (FF)
removed.
  The signal "processor/i_regf/i_portB/BU2/U0/gen_dp_ram.dpram_inst/qspo_int<14>"
is sourceless and has been removed.
The signal "processor/i_regf/i_portB/spo<13>" is sourceless and has been
removed.
 Sourceless block
"processor/i_regf/i_portB/BU2/U0/gen_dp_ram.dpram_inst/qspo_int_13" (FF)
removed.
  The signal "processor/i_regf/i_portB/BU2/U0/gen_dp_ram.dpram_inst/qspo_int<13>"
is sourceless and has been removed.
The signal "processor/i_regf/i_portB/spo<12>" is sourceless and has been
removed.
 Sourceless block
"processor/i_regf/i_portB/BU2/U0/gen_dp_ram.dpram_inst/qspo_int_12" (FF)
removed.
  The signal "processor/i_regf/i_portB/BU2/U0/gen_dp_ram.dpram_inst/qspo_int<12>"
is sourceless and has been removed.
The signal "processor/i_regf/i_portB/spo<11>" is sourceless and has been
removed.
 Sourceless block
"processor/i_regf/i_portB/BU2/U0/gen_dp_ram.dpram_inst/qspo_int_11" (FF)
removed.
  The signal "processor/i_regf/i_portB/BU2/U0/gen_dp_ram.dpram_inst/qspo_int<11>"
is sourceless and has been removed.
The signal "processor/i_regf/i_portB/spo<10>" is sourceless and has been
removed.
 Sourceless block
"processor/i_regf/i_portB/BU2/U0/gen_dp_ram.dpram_inst/qspo_int_10" (FF)
removed.
  The signal "processor/i_regf/i_portB/BU2/U0/gen_dp_ram.dpram_inst/qspo_int<10>"
is sourceless and has been removed.
The signal "processor/i_regf/i_portB/spo<9>" is sourceless and has been removed.
 Sourceless block
"processor/i_regf/i_portB/BU2/U0/gen_dp_ram.dpram_inst/qspo_int_9" (FF) removed.
  The signal "processor/i_regf/i_portB/BU2/U0/gen_dp_ram.dpram_inst/qspo_int<9>"
is sourceless and has been removed.
The signal "processor/i_regf/i_portB/spo<8>" is sourceless and has been removed.
 Sourceless block
"processor/i_regf/i_portB/BU2/U0/gen_dp_ram.dpram_inst/qspo_int_8" (FF) removed.
  The signal "processor/i_regf/i_portB/BU2/U0/gen_dp_ram.dpram_inst/qspo_int<8>"
is sourceless and has been removed.
The signal "processor/i_regf/i_portB/spo<7>" is sourceless and has been removed.
 Sourceless block
"processor/i_regf/i_portB/BU2/U0/gen_dp_ram.dpram_inst/qspo_int_7" (FF) removed.
  The signal "processor/i_regf/i_portB/BU2/U0/gen_dp_ram.dpram_inst/qspo_int<7>"
is sourceless and has been removed.
The signal "processor/i_regf/i_portB/spo<6>" is sourceless and has been removed.
 Sourceless block
"processor/i_regf/i_portB/BU2/U0/gen_dp_ram.dpram_inst/qspo_int_6" (FF) removed.
  The signal "processor/i_regf/i_portB/BU2/U0/gen_dp_ram.dpram_inst/qspo_int<6>"
is sourceless and has been removed.
The signal "processor/i_regf/i_portB/spo<5>" is sourceless and has been removed.
 Sourceless block
"processor/i_regf/i_portB/BU2/U0/gen_dp_ram.dpram_inst/qspo_int_5" (FF) removed.
  The signal "processor/i_regf/i_portB/BU2/U0/gen_dp_ram.dpram_inst/qspo_int<5>"
is sourceless and has been removed.
The signal "processor/i_regf/i_portB/spo<4>" is sourceless and has been removed.
 Sourceless block
"processor/i_regf/i_portB/BU2/U0/gen_dp_ram.dpram_inst/qspo_int_4" (FF) removed.
  The signal "processor/i_regf/i_portB/BU2/U0/gen_dp_ram.dpram_inst/qspo_int<4>"
is sourceless and has been removed.
The signal "processor/i_regf/i_portB/spo<3>" is sourceless and has been removed.
 Sourceless block
"processor/i_regf/i_portB/BU2/U0/gen_dp_ram.dpram_inst/qspo_int_3" (FF) removed.
  The signal "processor/i_regf/i_portB/BU2/U0/gen_dp_ram.dpram_inst/qspo_int<3>"
is sourceless and has been removed.
The signal "processor/i_regf/i_portB/spo<2>" is sourceless and has been removed.
 Sourceless block
"processor/i_regf/i_portB/BU2/U0/gen_dp_ram.dpram_inst/qspo_int_2" (FF) removed.
  The signal "processor/i_regf/i_portB/BU2/U0/gen_dp_ram.dpram_inst/qspo_int<2>"
is sourceless and has been removed.
The signal "processor/i_regf/i_portB/spo<1>" is sourceless and has been removed.
 Sourceless block
"processor/i_regf/i_portB/BU2/U0/gen_dp_ram.dpram_inst/qspo_int_1" (FF) removed.
  The signal "processor/i_regf/i_portB/BU2/U0/gen_dp_ram.dpram_inst/qspo_int<1>"
is sourceless and has been removed.
The signal "processor/i_regf/i_portB/spo<0>" is sourceless and has been removed.
 Sourceless block
"processor/i_regf/i_portB/BU2/U0/gen_dp_ram.dpram_inst/qspo_int_0" (FF) removed.
  The signal "processor/i_regf/i_portB/BU2/U0/gen_dp_ram.dpram_inst/qspo_int<0>"
is sourceless and has been removed.
The signal "processor/i_regf/i_portB/N1" is sourceless and has been removed.
The signal "processor/i_regf/i_portB/N0" is sourceless and has been removed.
The signal "processor/i_regf/i_portB/BU2/qdpo<0>" is sourceless and has been
removed.
The signal "processor/i_regf/i_portB/BU2/U0/gen_dp_ram.dpram_inst/write_ctrl1"
is sourceless and has been removed.
The signal "processor/i_regf/i_portB/BU2/U0/gen_dp_ram.dpram_inst/N130" is
sourceless and has been removed.
 Sourceless block
"processor/i_regf/i_portB/BU2/U0/gen_dp_ram.dpram_inst/inst_LPM_MUX31111" (ROM)
removed.
The signal "processor/i_regf/i_portB/BU2/U0/gen_dp_ram.dpram_inst/N131" is
sourceless and has been removed.
The signal "processor/i_regf/i_portB/BU2/U0/gen_dp_ram.dpram_inst/N128" is
sourceless and has been removed.
The signal "processor/i_regf/i_portB/BU2/U0/gen_dp_ram.dpram_inst/N126" is
sourceless and has been removed.
 Sourceless block
"processor/i_regf/i_portB/BU2/U0/gen_dp_ram.dpram_inst/inst_LPM_MUX3011" (ROM)
removed.
The signal "processor/i_regf/i_portB/BU2/U0/gen_dp_ram.dpram_inst/N127" is
sourceless and has been removed.
The signal "processor/i_regf/i_portB/BU2/U0/gen_dp_ram.dpram_inst/N124" is
sourceless and has been removed.
The signal "processor/i_regf/i_portB/BU2/U0/gen_dp_ram.dpram_inst/N122" is
sourceless and has been removed.
 Sourceless block
"processor/i_regf/i_portB/BU2/U0/gen_dp_ram.dpram_inst/inst_LPM_MUX2911" (ROM)
removed.
The signal "processor/i_regf/i_portB/BU2/U0/gen_dp_ram.dpram_inst/N123" is
sourceless and has been removed.
The signal "processor/i_regf/i_portB/BU2/U0/gen_dp_ram.dpram_inst/N120" is
sourceless and has been removed.
The signal "processor/i_regf/i_portB/BU2/U0/gen_dp_ram.dpram_inst/N118" is
sourceless and has been removed.
 Sourceless block
"processor/i_regf/i_portB/BU2/U0/gen_dp_ram.dpram_inst/inst_LPM_MUX2811" (ROM)
removed.
The signal "processor/i_regf/i_portB/BU2/U0/gen_dp_ram.dpram_inst/N119" is
sourceless and has been removed.
The signal "processor/i_regf/i_portB/BU2/U0/gen_dp_ram.dpram_inst/N116" is
sourceless and has been removed.
The signal "processor/i_regf/i_portB/BU2/U0/gen_dp_ram.dpram_inst/N114" is
sourceless and has been removed.
 Sourceless block
"processor/i_regf/i_portB/BU2/U0/gen_dp_ram.dpram_inst/inst_LPM_MUX2711" (ROM)
removed.
The signal "processor/i_regf/i_portB/BU2/U0/gen_dp_ram.dpram_inst/N115" is
sourceless and has been removed.
The signal "processor/i_regf/i_portB/BU2/U0/gen_dp_ram.dpram_inst/N112" is
sourceless and has been removed.
The signal "processor/i_regf/i_portB/BU2/U0/gen_dp_ram.dpram_inst/N110" is
sourceless and has been removed.
 Sourceless block
"processor/i_regf/i_portB/BU2/U0/gen_dp_ram.dpram_inst/inst_LPM_MUX2611" (ROM)
removed.
The signal "processor/i_regf/i_portB/BU2/U0/gen_dp_ram.dpram_inst/N111" is
sourceless and has been removed.
The signal "processor/i_regf/i_portB/BU2/U0/gen_dp_ram.dpram_inst/N108" is
sourceless and has been removed.
The signal "processor/i_regf/i_portB/BU2/U0/gen_dp_ram.dpram_inst/N106" is
sourceless and has been removed.
 Sourceless block
"processor/i_regf/i_portB/BU2/U0/gen_dp_ram.dpram_inst/inst_LPM_MUX2511" (ROM)
removed.
The signal "processor/i_regf/i_portB/BU2/U0/gen_dp_ram.dpram_inst/N107" is
sourceless and has been removed.
The signal "processor/i_regf/i_portB/BU2/U0/gen_dp_ram.dpram_inst/N104" is
sourceless and has been removed.
The signal "processor/i_regf/i_portB/BU2/U0/gen_dp_ram.dpram_inst/N102" is
sourceless and has been removed.
 Sourceless block
"processor/i_regf/i_portB/BU2/U0/gen_dp_ram.dpram_inst/inst_LPM_MUX2411" (ROM)
removed.
The signal "processor/i_regf/i_portB/BU2/U0/gen_dp_ram.dpram_inst/N103" is
sourceless and has been removed.
The signal "processor/i_regf/i_portB/BU2/U0/gen_dp_ram.dpram_inst/N100" is
sourceless and has been removed.
The signal "processor/i_regf/i_portB/BU2/U0/gen_dp_ram.dpram_inst/N98" is
sourceless and has been removed.
 Sourceless block
"processor/i_regf/i_portB/BU2/U0/gen_dp_ram.dpram_inst/inst_LPM_MUX2311" (ROM)
removed.
The signal "processor/i_regf/i_portB/BU2/U0/gen_dp_ram.dpram_inst/N99" is
sourceless and has been removed.
The signal "processor/i_regf/i_portB/BU2/U0/gen_dp_ram.dpram_inst/N96" is
sourceless and has been removed.
The signal "processor/i_regf/i_portB/BU2/U0/gen_dp_ram.dpram_inst/N94" is
sourceless and has been removed.
 Sourceless block
"processor/i_regf/i_portB/BU2/U0/gen_dp_ram.dpram_inst/inst_LPM_MUX2211" (ROM)
removed.
The signal "processor/i_regf/i_portB/BU2/U0/gen_dp_ram.dpram_inst/N95" is
sourceless and has been removed.
The signal "processor/i_regf/i_portB/BU2/U0/gen_dp_ram.dpram_inst/N92" is
sourceless and has been removed.
The signal "processor/i_regf/i_portB/BU2/U0/gen_dp_ram.dpram_inst/N90" is
sourceless and has been removed.
 Sourceless block
"processor/i_regf/i_portB/BU2/U0/gen_dp_ram.dpram_inst/inst_LPM_MUX21111" (ROM)
removed.
The signal "processor/i_regf/i_portB/BU2/U0/gen_dp_ram.dpram_inst/N91" is
sourceless and has been removed.
The signal "processor/i_regf/i_portB/BU2/U0/gen_dp_ram.dpram_inst/N88" is
sourceless and has been removed.
The signal "processor/i_regf/i_portB/BU2/U0/gen_dp_ram.dpram_inst/N86" is
sourceless and has been removed.
 Sourceless block
"processor/i_regf/i_portB/BU2/U0/gen_dp_ram.dpram_inst/inst_LPM_MUX2011" (ROM)
removed.
The signal "processor/i_regf/i_portB/BU2/U0/gen_dp_ram.dpram_inst/N87" is
sourceless and has been removed.
The signal "processor/i_regf/i_portB/BU2/U0/gen_dp_ram.dpram_inst/N84" is
sourceless and has been removed.
The signal "processor/i_regf/i_portB/BU2/U0/gen_dp_ram.dpram_inst/N82" is
sourceless and has been removed.
 Sourceless block
"processor/i_regf/i_portB/BU2/U0/gen_dp_ram.dpram_inst/inst_LPM_MUX1911" (ROM)
removed.
The signal "processor/i_regf/i_portB/BU2/U0/gen_dp_ram.dpram_inst/N83" is
sourceless and has been removed.
The signal "processor/i_regf/i_portB/BU2/U0/gen_dp_ram.dpram_inst/N80" is
sourceless and has been removed.
The signal "processor/i_regf/i_portB/BU2/U0/gen_dp_ram.dpram_inst/N78" is
sourceless and has been removed.
 Sourceless block
"processor/i_regf/i_portB/BU2/U0/gen_dp_ram.dpram_inst/inst_LPM_MUX1811" (ROM)
removed.
The signal "processor/i_regf/i_portB/BU2/U0/gen_dp_ram.dpram_inst/N79" is
sourceless and has been removed.
The signal "processor/i_regf/i_portB/BU2/U0/gen_dp_ram.dpram_inst/N76" is
sourceless and has been removed.
The signal "processor/i_regf/i_portB/BU2/U0/gen_dp_ram.dpram_inst/N74" is
sourceless and has been removed.
 Sourceless block
"processor/i_regf/i_portB/BU2/U0/gen_dp_ram.dpram_inst/inst_LPM_MUX1711" (ROM)
removed.
The signal "processor/i_regf/i_portB/BU2/U0/gen_dp_ram.dpram_inst/N75" is
sourceless and has been removed.
The signal "processor/i_regf/i_portB/BU2/U0/gen_dp_ram.dpram_inst/N72" is
sourceless and has been removed.
The signal "processor/i_regf/i_portB/BU2/U0/gen_dp_ram.dpram_inst/N70" is
sourceless and has been removed.
 Sourceless block
"processor/i_regf/i_portB/BU2/U0/gen_dp_ram.dpram_inst/inst_LPM_MUX1611" (ROM)
removed.
The signal "processor/i_regf/i_portB/BU2/U0/gen_dp_ram.dpram_inst/N71" is
sourceless and has been removed.
The signal "processor/i_regf/i_portB/BU2/U0/gen_dp_ram.dpram_inst/N68" is
sourceless and has been removed.
The signal "processor/i_regf/i_portB/BU2/U0/gen_dp_ram.dpram_inst/N66" is
sourceless and has been removed.
 Sourceless block
"processor/i_regf/i_portB/BU2/U0/gen_dp_ram.dpram_inst/inst_LPM_MUX1511" (ROM)
removed.
The signal "processor/i_regf/i_portB/BU2/U0/gen_dp_ram.dpram_inst/N67" is
sourceless and has been removed.
The signal "processor/i_regf/i_portB/BU2/U0/gen_dp_ram.dpram_inst/N64" is
sourceless and has been removed.
The signal "processor/i_regf/i_portB/BU2/U0/gen_dp_ram.dpram_inst/N62" is
sourceless and has been removed.
 Sourceless block
"processor/i_regf/i_portB/BU2/U0/gen_dp_ram.dpram_inst/inst_LPM_MUX1411" (ROM)
removed.
The signal "processor/i_regf/i_portB/BU2/U0/gen_dp_ram.dpram_inst/N63" is
sourceless and has been removed.
The signal "processor/i_regf/i_portB/BU2/U0/gen_dp_ram.dpram_inst/N60" is
sourceless and has been removed.
The signal "processor/i_regf/i_portB/BU2/U0/gen_dp_ram.dpram_inst/N58" is
sourceless and has been removed.
 Sourceless block
"processor/i_regf/i_portB/BU2/U0/gen_dp_ram.dpram_inst/inst_LPM_MUX1311" (ROM)
removed.
The signal "processor/i_regf/i_portB/BU2/U0/gen_dp_ram.dpram_inst/N59" is
sourceless and has been removed.
The signal "processor/i_regf/i_portB/BU2/U0/gen_dp_ram.dpram_inst/N56" is
sourceless and has been removed.
The signal "processor/i_regf/i_portB/BU2/U0/gen_dp_ram.dpram_inst/N54" is
sourceless and has been removed.
 Sourceless block
"processor/i_regf/i_portB/BU2/U0/gen_dp_ram.dpram_inst/inst_LPM_MUX1211" (ROM)
removed.
The signal "processor/i_regf/i_portB/BU2/U0/gen_dp_ram.dpram_inst/N55" is
sourceless and has been removed.
The signal "processor/i_regf/i_portB/BU2/U0/gen_dp_ram.dpram_inst/N52" is
sourceless and has been removed.
The signal "processor/i_regf/i_portB/BU2/U0/gen_dp_ram.dpram_inst/N50" is
sourceless and has been removed.
 Sourceless block
"processor/i_regf/i_portB/BU2/U0/gen_dp_ram.dpram_inst/inst_LPM_MUX11111" (ROM)
removed.
The signal "processor/i_regf/i_portB/BU2/U0/gen_dp_ram.dpram_inst/N51" is
sourceless and has been removed.
The signal "processor/i_regf/i_portB/BU2/U0/gen_dp_ram.dpram_inst/N48" is
sourceless and has been removed.
The signal "processor/i_regf/i_portB/BU2/U0/gen_dp_ram.dpram_inst/N46" is
sourceless and has been removed.
 Sourceless block
"processor/i_regf/i_portB/BU2/U0/gen_dp_ram.dpram_inst/inst_LPM_MUX1011" (ROM)
removed.
The signal "processor/i_regf/i_portB/BU2/U0/gen_dp_ram.dpram_inst/N47" is
sourceless and has been removed.
The signal "processor/i_regf/i_portB/BU2/U0/gen_dp_ram.dpram_inst/N44" is
sourceless and has been removed.
The signal "processor/i_regf/i_portB/BU2/U0/gen_dp_ram.dpram_inst/N42" is
sourceless and has been removed.
 Sourceless block
"processor/i_regf/i_portB/BU2/U0/gen_dp_ram.dpram_inst/inst_LPM_MUX911" (ROM)
removed.
The signal "processor/i_regf/i_portB/BU2/U0/gen_dp_ram.dpram_inst/N43" is
sourceless and has been removed.
The signal "processor/i_regf/i_portB/BU2/U0/gen_dp_ram.dpram_inst/N40" is
sourceless and has been removed.
The signal "processor/i_regf/i_portB/BU2/U0/gen_dp_ram.dpram_inst/N38" is
sourceless and has been removed.
 Sourceless block
"processor/i_regf/i_portB/BU2/U0/gen_dp_ram.dpram_inst/inst_LPM_MUX811" (ROM)
removed.
The signal "processor/i_regf/i_portB/BU2/U0/gen_dp_ram.dpram_inst/N39" is
sourceless and has been removed.
The signal "processor/i_regf/i_portB/BU2/U0/gen_dp_ram.dpram_inst/N36" is
sourceless and has been removed.
The signal "processor/i_regf/i_portB/BU2/U0/gen_dp_ram.dpram_inst/N34" is
sourceless and has been removed.
 Sourceless block
"processor/i_regf/i_portB/BU2/U0/gen_dp_ram.dpram_inst/inst_LPM_MUX711" (ROM)
removed.
The signal "processor/i_regf/i_portB/BU2/U0/gen_dp_ram.dpram_inst/N35" is
sourceless and has been removed.
The signal "processor/i_regf/i_portB/BU2/U0/gen_dp_ram.dpram_inst/N32" is
sourceless and has been removed.
The signal "processor/i_regf/i_portB/BU2/U0/gen_dp_ram.dpram_inst/N30" is
sourceless and has been removed.
 Sourceless block
"processor/i_regf/i_portB/BU2/U0/gen_dp_ram.dpram_inst/inst_LPM_MUX6111" (ROM)
removed.
The signal "processor/i_regf/i_portB/BU2/U0/gen_dp_ram.dpram_inst/N31" is
sourceless and has been removed.
The signal "processor/i_regf/i_portB/BU2/U0/gen_dp_ram.dpram_inst/N28" is
sourceless and has been removed.
The signal "processor/i_regf/i_portB/BU2/U0/gen_dp_ram.dpram_inst/N26" is
sourceless and has been removed.
 Sourceless block
"processor/i_regf/i_portB/BU2/U0/gen_dp_ram.dpram_inst/inst_LPM_MUX5111" (ROM)
removed.
The signal "processor/i_regf/i_portB/BU2/U0/gen_dp_ram.dpram_inst/N27" is
sourceless and has been removed.
The signal "processor/i_regf/i_portB/BU2/U0/gen_dp_ram.dpram_inst/N24" is
sourceless and has been removed.
The signal "processor/i_regf/i_portB/BU2/U0/gen_dp_ram.dpram_inst/N22" is
sourceless and has been removed.
 Sourceless block
"processor/i_regf/i_portB/BU2/U0/gen_dp_ram.dpram_inst/inst_LPM_MUX4111" (ROM)
removed.
The signal "processor/i_regf/i_portB/BU2/U0/gen_dp_ram.dpram_inst/N23" is
sourceless and has been removed.
The signal "processor/i_regf/i_portB/BU2/U0/gen_dp_ram.dpram_inst/N20" is
sourceless and has been removed.
The signal "processor/i_regf/i_portB/BU2/U0/gen_dp_ram.dpram_inst/N18" is
sourceless and has been removed.
 Sourceless block
"processor/i_regf/i_portB/BU2/U0/gen_dp_ram.dpram_inst/inst_LPM_MUX3111" (ROM)
removed.
The signal "processor/i_regf/i_portB/BU2/U0/gen_dp_ram.dpram_inst/N19" is
sourceless and has been removed.
The signal "processor/i_regf/i_portB/BU2/U0/gen_dp_ram.dpram_inst/N16" is
sourceless and has been removed.
The signal "processor/i_regf/i_portB/BU2/U0/gen_dp_ram.dpram_inst/N14" is
sourceless and has been removed.
 Sourceless block
"processor/i_regf/i_portB/BU2/U0/gen_dp_ram.dpram_inst/inst_LPM_MUX2111" (ROM)
removed.
The signal "processor/i_regf/i_portB/BU2/U0/gen_dp_ram.dpram_inst/N15" is
sourceless and has been removed.
The signal "processor/i_regf/i_portB/BU2/U0/gen_dp_ram.dpram_inst/N12" is
sourceless and has been removed.
The signal "processor/i_regf/i_portB/BU2/U0/gen_dp_ram.dpram_inst/N10" is
sourceless and has been removed.
 Sourceless block
"processor/i_regf/i_portB/BU2/U0/gen_dp_ram.dpram_inst/inst_LPM_MUX1111" (ROM)
removed.
The signal "processor/i_regf/i_portB/BU2/U0/gen_dp_ram.dpram_inst/N11" is
sourceless and has been removed.
The signal "processor/i_regf/i_portB/BU2/U0/gen_dp_ram.dpram_inst/N8" is
sourceless and has been removed.
The signal "processor/i_regf/i_portB/BU2/U0/gen_dp_ram.dpram_inst/N4" is
sourceless and has been removed.
 Sourceless block
"processor/i_regf/i_portB/BU2/U0/gen_dp_ram.dpram_inst/inst_LPM_MUX11" (ROM)
removed.
The signal "processor/i_regf/i_portB/BU2/U0/gen_dp_ram.dpram_inst/N6" is
sourceless and has been removed.
The signal "processor/i_regf/i_portB/BU2/U0/gen_dp_ram.dpram_inst/N7" is
sourceless and has been removed.
The signal "processor/i_regf/i_portB/BU2/U0/gen_dp_ram.dpram_inst/qdpo_int<31>"
is sourceless and has been removed.
The signal "processor/i_regf/i_portB/BU2/U0/gen_dp_ram.dpram_inst/qdpo_int<30>"
is sourceless and has been removed.
The signal "processor/i_regf/i_portB/BU2/U0/gen_dp_ram.dpram_inst/qdpo_int<29>"
is sourceless and has been removed.
The signal "processor/i_regf/i_portB/BU2/U0/gen_dp_ram.dpram_inst/qdpo_int<28>"
is sourceless and has been removed.
The signal "processor/i_regf/i_portB/BU2/U0/gen_dp_ram.dpram_inst/qdpo_int<27>"
is sourceless and has been removed.
The signal "processor/i_regf/i_portB/BU2/U0/gen_dp_ram.dpram_inst/qdpo_int<26>"
is sourceless and has been removed.
The signal "processor/i_regf/i_portB/BU2/U0/gen_dp_ram.dpram_inst/qdpo_int<25>"
is sourceless and has been removed.
The signal "processor/i_regf/i_portB/BU2/U0/gen_dp_ram.dpram_inst/qdpo_int<24>"
is sourceless and has been removed.
The signal "processor/i_regf/i_portB/BU2/U0/gen_dp_ram.dpram_inst/qdpo_int<23>"
is sourceless and has been removed.
The signal "processor/i_regf/i_portB/BU2/U0/gen_dp_ram.dpram_inst/qdpo_int<22>"
is sourceless and has been removed.
The signal "processor/i_regf/i_portB/BU2/U0/gen_dp_ram.dpram_inst/qdpo_int<21>"
is sourceless and has been removed.
The signal "processor/i_regf/i_portB/BU2/U0/gen_dp_ram.dpram_inst/qdpo_int<20>"
is sourceless and has been removed.
The signal "processor/i_regf/i_portB/BU2/U0/gen_dp_ram.dpram_inst/qdpo_int<19>"
is sourceless and has been removed.
The signal "processor/i_regf/i_portB/BU2/U0/gen_dp_ram.dpram_inst/qdpo_int<18>"
is sourceless and has been removed.
The signal "processor/i_regf/i_portB/BU2/U0/gen_dp_ram.dpram_inst/qdpo_int<17>"
is sourceless and has been removed.
The signal "processor/i_regf/i_portB/BU2/U0/gen_dp_ram.dpram_inst/qdpo_int<16>"
is sourceless and has been removed.
The signal "processor/i_regf/i_portB/BU2/U0/gen_dp_ram.dpram_inst/qdpo_int<15>"
is sourceless and has been removed.
The signal "processor/i_regf/i_portB/BU2/U0/gen_dp_ram.dpram_inst/qdpo_int<14>"
is sourceless and has been removed.
The signal "processor/i_regf/i_portB/BU2/U0/gen_dp_ram.dpram_inst/qdpo_int<13>"
is sourceless and has been removed.
The signal "processor/i_regf/i_portB/BU2/U0/gen_dp_ram.dpram_inst/qdpo_int<12>"
is sourceless and has been removed.
The signal "processor/i_regf/i_portB/BU2/U0/gen_dp_ram.dpram_inst/qdpo_int<11>"
is sourceless and has been removed.
The signal "processor/i_regf/i_portB/BU2/U0/gen_dp_ram.dpram_inst/qdpo_int<10>"
is sourceless and has been removed.
The signal "processor/i_regf/i_portB/BU2/U0/gen_dp_ram.dpram_inst/qdpo_int<9>"
is sourceless and has been removed.
The signal "processor/i_regf/i_portB/BU2/U0/gen_dp_ram.dpram_inst/qdpo_int<8>"
is sourceless and has been removed.
The signal "processor/i_regf/i_portB/BU2/U0/gen_dp_ram.dpram_inst/qdpo_int<7>"
is sourceless and has been removed.
The signal "processor/i_regf/i_portB/BU2/U0/gen_dp_ram.dpram_inst/qdpo_int<6>"
is sourceless and has been removed.
The signal "processor/i_regf/i_portB/BU2/U0/gen_dp_ram.dpram_inst/qdpo_int<5>"
is sourceless and has been removed.
The signal "processor/i_regf/i_portB/BU2/U0/gen_dp_ram.dpram_inst/qdpo_int<4>"
is sourceless and has been removed.
The signal "processor/i_regf/i_portB/BU2/U0/gen_dp_ram.dpram_inst/qdpo_int<3>"
is sourceless and has been removed.
The signal "processor/i_regf/i_portB/BU2/U0/gen_dp_ram.dpram_inst/qdpo_int<2>"
is sourceless and has been removed.
The signal "processor/i_regf/i_portB/BU2/U0/gen_dp_ram.dpram_inst/qdpo_int<1>"
is sourceless and has been removed.
The signal "processor/i_regf/i_portB/BU2/U0/gen_dp_ram.dpram_inst/qdpo_int<0>"
is sourceless and has been removed.
Unused block "processor/i_regf/i_portA/BU2/U0/gen_dp_ram.dpram_inst/Mram_ram10"
(RAM16X1D) removed.
Unused block "processor/i_regf/i_portA/BU2/U0/gen_dp_ram.dpram_inst/Mram_ram12"
(RAM16X1D) removed.
Unused block "processor/i_regf/i_portA/BU2/U0/gen_dp_ram.dpram_inst/Mram_ram14"
(RAM16X1D) removed.
Unused block "processor/i_regf/i_portA/BU2/U0/gen_dp_ram.dpram_inst/Mram_ram16"
(RAM16X1D) removed.
Unused block "processor/i_regf/i_portA/BU2/U0/gen_dp_ram.dpram_inst/Mram_ram18"
(RAM16X1D) removed.
Unused block "processor/i_regf/i_portA/BU2/U0/gen_dp_ram.dpram_inst/Mram_ram2"
(RAM16X1D) removed.
Unused block "processor/i_regf/i_portA/BU2/U0/gen_dp_ram.dpram_inst/Mram_ram20"
(RAM16X1D) removed.
Unused block "processor/i_regf/i_portA/BU2/U0/gen_dp_ram.dpram_inst/Mram_ram22"
(RAM16X1D) removed.
Unused block "processor/i_regf/i_portA/BU2/U0/gen_dp_ram.dpram_inst/Mram_ram24"
(RAM16X1D) removed.
Unused block "processor/i_regf/i_portA/BU2/U0/gen_dp_ram.dpram_inst/Mram_ram26"
(RAM16X1D) removed.
Unused block "processor/i_regf/i_portA/BU2/U0/gen_dp_ram.dpram_inst/Mram_ram28"
(RAM16X1D) removed.
Unused block "processor/i_regf/i_portA/BU2/U0/gen_dp_ram.dpram_inst/Mram_ram30"
(RAM16X1D) removed.
Unused block "processor/i_regf/i_portA/BU2/U0/gen_dp_ram.dpram_inst/Mram_ram32"
(RAM16X1D) removed.
Unused block "processor/i_regf/i_portA/BU2/U0/gen_dp_ram.dpram_inst/Mram_ram34"
(RAM16X1D) removed.
Unused block "processor/i_regf/i_portA/BU2/U0/gen_dp_ram.dpram_inst/Mram_ram36"
(RAM16X1D) removed.
Unused block "processor/i_regf/i_portA/BU2/U0/gen_dp_ram.dpram_inst/Mram_ram38"
(RAM16X1D) removed.
Unused block "processor/i_regf/i_portA/BU2/U0/gen_dp_ram.dpram_inst/Mram_ram4"
(RAM16X1D) removed.
Unused block "processor/i_regf/i_portA/BU2/U0/gen_dp_ram.dpram_inst/Mram_ram40"
(RAM16X1D) removed.
Unused block "processor/i_regf/i_portA/BU2/U0/gen_dp_ram.dpram_inst/Mram_ram42"
(RAM16X1D) removed.
Unused block "processor/i_regf/i_portA/BU2/U0/gen_dp_ram.dpram_inst/Mram_ram44"
(RAM16X1D) removed.
Unused block "processor/i_regf/i_portA/BU2/U0/gen_dp_ram.dpram_inst/Mram_ram46"
(RAM16X1D) removed.
Unused block "processor/i_regf/i_portA/BU2/U0/gen_dp_ram.dpram_inst/Mram_ram48"
(RAM16X1D) removed.
Unused block "processor/i_regf/i_portA/BU2/U0/gen_dp_ram.dpram_inst/Mram_ram50"
(RAM16X1D) removed.
Unused block "processor/i_regf/i_portA/BU2/U0/gen_dp_ram.dpram_inst/Mram_ram52"
(RAM16X1D) removed.
Unused block "processor/i_regf/i_portA/BU2/U0/gen_dp_ram.dpram_inst/Mram_ram54"
(RAM16X1D) removed.
Unused block "processor/i_regf/i_portA/BU2/U0/gen_dp_ram.dpram_inst/Mram_ram56"
(RAM16X1D) removed.
Unused block "processor/i_regf/i_portA/BU2/U0/gen_dp_ram.dpram_inst/Mram_ram58"
(RAM16X1D) removed.
Unused block "processor/i_regf/i_portA/BU2/U0/gen_dp_ram.dpram_inst/Mram_ram6"
(RAM16X1D) removed.
Unused block "processor/i_regf/i_portA/BU2/U0/gen_dp_ram.dpram_inst/Mram_ram60"
(RAM16X1D) removed.
Unused block "processor/i_regf/i_portA/BU2/U0/gen_dp_ram.dpram_inst/Mram_ram62"
(RAM16X1D) removed.
Unused block "processor/i_regf/i_portA/BU2/U0/gen_dp_ram.dpram_inst/Mram_ram64"
(RAM16X1D) removed.
Unused block "processor/i_regf/i_portA/BU2/U0/gen_dp_ram.dpram_inst/Mram_ram8"
(RAM16X1D) removed.
Unused block "processor/i_regf/i_portA/BU2/U0/gen_dp_ram.dpram_inst/qdpo_int_0"
(FF) removed.
Unused block "processor/i_regf/i_portA/BU2/U0/gen_dp_ram.dpram_inst/qdpo_int_1"
(FF) removed.
Unused block "processor/i_regf/i_portA/BU2/U0/gen_dp_ram.dpram_inst/qdpo_int_10"
(FF) removed.
Unused block "processor/i_regf/i_portA/BU2/U0/gen_dp_ram.dpram_inst/qdpo_int_11"
(FF) removed.
Unused block "processor/i_regf/i_portA/BU2/U0/gen_dp_ram.dpram_inst/qdpo_int_12"
(FF) removed.
Unused block "processor/i_regf/i_portA/BU2/U0/gen_dp_ram.dpram_inst/qdpo_int_13"
(FF) removed.
Unused block "processor/i_regf/i_portA/BU2/U0/gen_dp_ram.dpram_inst/qdpo_int_14"
(FF) removed.
Unused block "processor/i_regf/i_portA/BU2/U0/gen_dp_ram.dpram_inst/qdpo_int_15"
(FF) removed.
Unused block "processor/i_regf/i_portA/BU2/U0/gen_dp_ram.dpram_inst/qdpo_int_16"
(FF) removed.
Unused block "processor/i_regf/i_portA/BU2/U0/gen_dp_ram.dpram_inst/qdpo_int_17"
(FF) removed.
Unused block "processor/i_regf/i_portA/BU2/U0/gen_dp_ram.dpram_inst/qdpo_int_18"
(FF) removed.
Unused block "processor/i_regf/i_portA/BU2/U0/gen_dp_ram.dpram_inst/qdpo_int_19"
(FF) removed.
Unused block "processor/i_regf/i_portA/BU2/U0/gen_dp_ram.dpram_inst/qdpo_int_2"
(FF) removed.
Unused block "processor/i_regf/i_portA/BU2/U0/gen_dp_ram.dpram_inst/qdpo_int_20"
(FF) removed.
Unused block "processor/i_regf/i_portA/BU2/U0/gen_dp_ram.dpram_inst/qdpo_int_21"
(FF) removed.
Unused block "processor/i_regf/i_portA/BU2/U0/gen_dp_ram.dpram_inst/qdpo_int_22"
(FF) removed.
Unused block "processor/i_regf/i_portA/BU2/U0/gen_dp_ram.dpram_inst/qdpo_int_23"
(FF) removed.
Unused block "processor/i_regf/i_portA/BU2/U0/gen_dp_ram.dpram_inst/qdpo_int_24"
(FF) removed.
Unused block "processor/i_regf/i_portA/BU2/U0/gen_dp_ram.dpram_inst/qdpo_int_25"
(FF) removed.
Unused block "processor/i_regf/i_portA/BU2/U0/gen_dp_ram.dpram_inst/qdpo_int_26"
(FF) removed.
Unused block "processor/i_regf/i_portA/BU2/U0/gen_dp_ram.dpram_inst/qdpo_int_27"
(FF) removed.
Unused block "processor/i_regf/i_portA/BU2/U0/gen_dp_ram.dpram_inst/qdpo_int_28"
(FF) removed.
Unused block "processor/i_regf/i_portA/BU2/U0/gen_dp_ram.dpram_inst/qdpo_int_29"
(FF) removed.
Unused block "processor/i_regf/i_portA/BU2/U0/gen_dp_ram.dpram_inst/qdpo_int_3"
(FF) removed.
Unused block "processor/i_regf/i_portA/BU2/U0/gen_dp_ram.dpram_inst/qdpo_int_30"
(FF) removed.
Unused block "processor/i_regf/i_portA/BU2/U0/gen_dp_ram.dpram_inst/qdpo_int_31"
(FF) removed.
Unused block "processor/i_regf/i_portA/BU2/U0/gen_dp_ram.dpram_inst/qdpo_int_4"
(FF) removed.
Unused block "processor/i_regf/i_portA/BU2/U0/gen_dp_ram.dpram_inst/qdpo_int_5"
(FF) removed.
Unused block "processor/i_regf/i_portA/BU2/U0/gen_dp_ram.dpram_inst/qdpo_int_6"
(FF) removed.
Unused block "processor/i_regf/i_portA/BU2/U0/gen_dp_ram.dpram_inst/qdpo_int_7"
(FF) removed.
Unused block "processor/i_regf/i_portA/BU2/U0/gen_dp_ram.dpram_inst/qdpo_int_8"
(FF) removed.
Unused block "processor/i_regf/i_portA/BU2/U0/gen_dp_ram.dpram_inst/qdpo_int_9"
(FF) removed.
Unused block "processor/i_regf/i_portA/BU2/U0/gen_dp_ram.dpram_inst/write_ctrl1"
(ROM) removed.
Unused block "processor/i_regf/i_portA/BU2/XST_GND" (ZERO) removed.
Unused block "processor/i_regf/i_portA/GND" (ZERO) removed.
Unused block "processor/i_regf/i_portA/VCC" (ONE) removed.
Unused block "processor/i_regf/i_portB/BU2/U0/gen_dp_ram.dpram_inst/Mram_ram10"
(RAM16X1D) removed.
Unused block "processor/i_regf/i_portB/BU2/U0/gen_dp_ram.dpram_inst/Mram_ram12"
(RAM16X1D) removed.
Unused block "processor/i_regf/i_portB/BU2/U0/gen_dp_ram.dpram_inst/Mram_ram14"
(RAM16X1D) removed.
Unused block "processor/i_regf/i_portB/BU2/U0/gen_dp_ram.dpram_inst/Mram_ram16"
(RAM16X1D) removed.
Unused block "processor/i_regf/i_portB/BU2/U0/gen_dp_ram.dpram_inst/Mram_ram18"
(RAM16X1D) removed.
Unused block "processor/i_regf/i_portB/BU2/U0/gen_dp_ram.dpram_inst/Mram_ram2"
(RAM16X1D) removed.
Unused block "processor/i_regf/i_portB/BU2/U0/gen_dp_ram.dpram_inst/Mram_ram20"
(RAM16X1D) removed.
Unused block "processor/i_regf/i_portB/BU2/U0/gen_dp_ram.dpram_inst/Mram_ram22"
(RAM16X1D) removed.
Unused block "processor/i_regf/i_portB/BU2/U0/gen_dp_ram.dpram_inst/Mram_ram24"
(RAM16X1D) removed.
Unused block "processor/i_regf/i_portB/BU2/U0/gen_dp_ram.dpram_inst/Mram_ram26"
(RAM16X1D) removed.
Unused block "processor/i_regf/i_portB/BU2/U0/gen_dp_ram.dpram_inst/Mram_ram28"
(RAM16X1D) removed.
Unused block "processor/i_regf/i_portB/BU2/U0/gen_dp_ram.dpram_inst/Mram_ram30"
(RAM16X1D) removed.
Unused block "processor/i_regf/i_portB/BU2/U0/gen_dp_ram.dpram_inst/Mram_ram32"
(RAM16X1D) removed.
Unused block "processor/i_regf/i_portB/BU2/U0/gen_dp_ram.dpram_inst/Mram_ram34"
(RAM16X1D) removed.
Unused block "processor/i_regf/i_portB/BU2/U0/gen_dp_ram.dpram_inst/Mram_ram36"
(RAM16X1D) removed.
Unused block "processor/i_regf/i_portB/BU2/U0/gen_dp_ram.dpram_inst/Mram_ram38"
(RAM16X1D) removed.
Unused block "processor/i_regf/i_portB/BU2/U0/gen_dp_ram.dpram_inst/Mram_ram4"
(RAM16X1D) removed.
Unused block "processor/i_regf/i_portB/BU2/U0/gen_dp_ram.dpram_inst/Mram_ram40"
(RAM16X1D) removed.
Unused block "processor/i_regf/i_portB/BU2/U0/gen_dp_ram.dpram_inst/Mram_ram42"
(RAM16X1D) removed.
Unused block "processor/i_regf/i_portB/BU2/U0/gen_dp_ram.dpram_inst/Mram_ram44"
(RAM16X1D) removed.
Unused block "processor/i_regf/i_portB/BU2/U0/gen_dp_ram.dpram_inst/Mram_ram46"
(RAM16X1D) removed.
Unused block "processor/i_regf/i_portB/BU2/U0/gen_dp_ram.dpram_inst/Mram_ram48"
(RAM16X1D) removed.
Unused block "processor/i_regf/i_portB/BU2/U0/gen_dp_ram.dpram_inst/Mram_ram50"
(RAM16X1D) removed.
Unused block "processor/i_regf/i_portB/BU2/U0/gen_dp_ram.dpram_inst/Mram_ram52"
(RAM16X1D) removed.
Unused block "processor/i_regf/i_portB/BU2/U0/gen_dp_ram.dpram_inst/Mram_ram54"
(RAM16X1D) removed.
Unused block "processor/i_regf/i_portB/BU2/U0/gen_dp_ram.dpram_inst/Mram_ram56"
(RAM16X1D) removed.
Unused block "processor/i_regf/i_portB/BU2/U0/gen_dp_ram.dpram_inst/Mram_ram58"
(RAM16X1D) removed.
Unused block "processor/i_regf/i_portB/BU2/U0/gen_dp_ram.dpram_inst/Mram_ram6"
(RAM16X1D) removed.
Unused block "processor/i_regf/i_portB/BU2/U0/gen_dp_ram.dpram_inst/Mram_ram60"
(RAM16X1D) removed.
Unused block "processor/i_regf/i_portB/BU2/U0/gen_dp_ram.dpram_inst/Mram_ram62"
(RAM16X1D) removed.
Unused block "processor/i_regf/i_portB/BU2/U0/gen_dp_ram.dpram_inst/Mram_ram64"
(RAM16X1D) removed.
Unused block "processor/i_regf/i_portB/BU2/U0/gen_dp_ram.dpram_inst/Mram_ram8"
(RAM16X1D) removed.
Unused block "processor/i_regf/i_portB/BU2/U0/gen_dp_ram.dpram_inst/qdpo_int_0"
(FF) removed.
Unused block "processor/i_regf/i_portB/BU2/U0/gen_dp_ram.dpram_inst/qdpo_int_1"
(FF) removed.
Unused block "processor/i_regf/i_portB/BU2/U0/gen_dp_ram.dpram_inst/qdpo_int_10"
(FF) removed.
Unused block "processor/i_regf/i_portB/BU2/U0/gen_dp_ram.dpram_inst/qdpo_int_11"
(FF) removed.
Unused block "processor/i_regf/i_portB/BU2/U0/gen_dp_ram.dpram_inst/qdpo_int_12"
(FF) removed.
Unused block "processor/i_regf/i_portB/BU2/U0/gen_dp_ram.dpram_inst/qdpo_int_13"
(FF) removed.
Unused block "processor/i_regf/i_portB/BU2/U0/gen_dp_ram.dpram_inst/qdpo_int_14"
(FF) removed.
Unused block "processor/i_regf/i_portB/BU2/U0/gen_dp_ram.dpram_inst/qdpo_int_15"
(FF) removed.
Unused block "processor/i_regf/i_portB/BU2/U0/gen_dp_ram.dpram_inst/qdpo_int_16"
(FF) removed.
Unused block "processor/i_regf/i_portB/BU2/U0/gen_dp_ram.dpram_inst/qdpo_int_17"
(FF) removed.
Unused block "processor/i_regf/i_portB/BU2/U0/gen_dp_ram.dpram_inst/qdpo_int_18"
(FF) removed.
Unused block "processor/i_regf/i_portB/BU2/U0/gen_dp_ram.dpram_inst/qdpo_int_19"
(FF) removed.
Unused block "processor/i_regf/i_portB/BU2/U0/gen_dp_ram.dpram_inst/qdpo_int_2"
(FF) removed.
Unused block "processor/i_regf/i_portB/BU2/U0/gen_dp_ram.dpram_inst/qdpo_int_20"
(FF) removed.
Unused block "processor/i_regf/i_portB/BU2/U0/gen_dp_ram.dpram_inst/qdpo_int_21"
(FF) removed.
Unused block "processor/i_regf/i_portB/BU2/U0/gen_dp_ram.dpram_inst/qdpo_int_22"
(FF) removed.
Unused block "processor/i_regf/i_portB/BU2/U0/gen_dp_ram.dpram_inst/qdpo_int_23"
(FF) removed.
Unused block "processor/i_regf/i_portB/BU2/U0/gen_dp_ram.dpram_inst/qdpo_int_24"
(FF) removed.
Unused block "processor/i_regf/i_portB/BU2/U0/gen_dp_ram.dpram_inst/qdpo_int_25"
(FF) removed.
Unused block "processor/i_regf/i_portB/BU2/U0/gen_dp_ram.dpram_inst/qdpo_int_26"
(FF) removed.
Unused block "processor/i_regf/i_portB/BU2/U0/gen_dp_ram.dpram_inst/qdpo_int_27"
(FF) removed.
Unused block "processor/i_regf/i_portB/BU2/U0/gen_dp_ram.dpram_inst/qdpo_int_28"
(FF) removed.
Unused block "processor/i_regf/i_portB/BU2/U0/gen_dp_ram.dpram_inst/qdpo_int_29"
(FF) removed.
Unused block "processor/i_regf/i_portB/BU2/U0/gen_dp_ram.dpram_inst/qdpo_int_3"
(FF) removed.
Unused block "processor/i_regf/i_portB/BU2/U0/gen_dp_ram.dpram_inst/qdpo_int_30"
(FF) removed.
Unused block "processor/i_regf/i_portB/BU2/U0/gen_dp_ram.dpram_inst/qdpo_int_31"
(FF) removed.
Unused block "processor/i_regf/i_portB/BU2/U0/gen_dp_ram.dpram_inst/qdpo_int_4"
(FF) removed.
Unused block "processor/i_regf/i_portB/BU2/U0/gen_dp_ram.dpram_inst/qdpo_int_5"
(FF) removed.
Unused block "processor/i_regf/i_portB/BU2/U0/gen_dp_ram.dpram_inst/qdpo_int_6"
(FF) removed.
Unused block "processor/i_regf/i_portB/BU2/U0/gen_dp_ram.dpram_inst/qdpo_int_7"
(FF) removed.
Unused block "processor/i_regf/i_portB/BU2/U0/gen_dp_ram.dpram_inst/qdpo_int_8"
(FF) removed.
Unused block "processor/i_regf/i_portB/BU2/U0/gen_dp_ram.dpram_inst/qdpo_int_9"
(FF) removed.
Unused block "processor/i_regf/i_portB/BU2/U0/gen_dp_ram.dpram_inst/write_ctrl1"
(ROM) removed.
Unused block "processor/i_regf/i_portB/BU2/XST_GND" (ZERO) removed.
Unused block "processor/i_regf/i_portB/GND" (ZERO) removed.
Unused block "processor/i_regf/i_portB/VCC" (ONE) removed.

Optimized Block(s):
TYPE 		BLOCK
GND 		XST_GND
VCC 		XST_VCC

To enable printing of redundant blocks removed and signals merged, set the
detailed map report option and rerun map.

Section 6 - IOB Properties
--------------------------

+---------------------------------------------------------------------------------------------------------------------------------------------------------+
| IOB Name                           | Type             | Direction | IO Standard          | Diff  | Drive    | Slew | Reg (s)      | Resistor | IOB      |
|                                    |                  |           |                      | Term  | Strength | Rate |              |          | Delay    |
+---------------------------------------------------------------------------------------------------------------------------------------------------------+
| AN<0>                              | IOB              | OUTPUT    | LVCMOS25             |       | 12       | SLOW |              |          |          |
| AN<1>                              | IOB              | OUTPUT    | LVCMOS25             |       | 12       | SLOW |              |          |          |
| AN<2>                              | IOB              | OUTPUT    | LVCMOS25             |       | 12       | SLOW |              |          |          |
| AN<3>                              | IOB              | OUTPUT    | LVCMOS25             |       | 12       | SLOW |              |          |          |
| FPGACLK                            | IOB              | INPUT     | LVCMOS25             |       |          |      |              |          |          |
| LED<0>                             | IOB              | OUTPUT    | LVCMOS25             |       | 12       | SLOW |              |          |          |
| LED<1>                             | IOB              | OUTPUT    | LVCMOS25             |       | 12       | SLOW |              |          |          |
| LED<2>                             | IOB              | OUTPUT    | LVCMOS25             |       | 12       | SLOW |              |          |          |
| LED<3>                             | IOB              | OUTPUT    | LVCMOS25             |       | 12       | SLOW |              |          |          |
| LED<4>                             | IOB              | OUTPUT    | LVCMOS25             |       | 12       | SLOW |              |          |          |
| LED<5>                             | IOB              | OUTPUT    | LVCMOS25             |       | 12       | SLOW |              |          |          |
| LED<6>                             | IOB              | OUTPUT    | LVCMOS25             |       | 12       | SLOW |              |          |          |
| RESET                              | IOB              | INPUT     | LVCMOS25             |       |          |      |              |          |          |
| SWITCHES<0>                        | IOB              | INPUT     | LVCMOS25             |       |          |      |              |          |          |
| SWITCHES<1>                        | IOB              | INPUT     | LVCMOS25             |       |          |      |              |          |          |
+---------------------------------------------------------------------------------------------------------------------------------------------------------+

Section 7 - RPMs
----------------

Section 8 - Guide Report
------------------------
Guide not run on this design.

Section 9 - Area Group and Partition Summary
--------------------------------------------

Partition Implementation Status
-------------------------------

  No Partitions were found in this design.

-------------------------------

Area Group Information
----------------------

  No area groups were found in this design.

----------------------

Section 10 - Timing Report
--------------------------
This design was not run using timing mode.

Section 11 - Configuration String Details
-----------------------------------------
Use the "-detail" map option to print out Configuration Strings

Section 12 - Control Set Information
------------------------------------
No control set information for this architecture.

Section 13 - Utilization by Hierarchy
-------------------------------------
Use the "-detail" map option to print out the Utilization by Hierarchy section.
