--------------------------------------------------------------------------------
Release 14.5 Trace  (lin64)
Copyright (c) 1995-2012 Xilinx, Inc.  All rights reserved.

/opt/Xilinx/14.5/ISE_DS/ISE/bin/lin64/unwrapped/trce -intstyle ise -v 3 -s 4 -n
3 -fastpaths -xml main.twx main.ncd -o main.twr main.pcf -ucf constraints.ucf

Design file:              main.ncd
Physical constraint file: main.pcf
Device,package,speed:     xc3s200,ft256,-4 (PRODUCTION 1.39 2013-03-26)
Report level:             verbose report

Environment Variable      Effect 
--------------------      ------ 
NONE                      No environment variables were set
--------------------------------------------------------------------------------

INFO:Timing:2698 - No timing constraints found, doing default enumeration.
INFO:Timing:3412 - To improve timing, see the Timing Closure User Guide (UG612).
INFO:Timing:2752 - To get complete path coverage, use the unconstrained paths 
   option. All paths that are not constrained will be reported in the 
   unconstrained paths section(s) of the report.
INFO:Timing:3339 - The clock-to-out numbers in this timing report are based on 
   a 50 Ohm transmission line loading model.  For the details of this model, 
   and for more information on accounting for different loading conditions, 
   please see the device datasheet.
INFO:Timing:3390 - This architecture does not support a default System Jitter 
   value, please add SYSTEM_JITTER constraint to the UCF to modify the Clock 
   Uncertainty calculation.
INFO:Timing:3389 - This architecture does not support 'Discrete Jitter' and 
   'Phase Error' calculations, these terms will be zero in the Clock 
   Uncertainty calculation.  Please make appropriate modification to 
   SYSTEM_JITTER to account for the unsupported Discrete Jitter and Phase 
   Error.



Data Sheet report:
-----------------
All values displayed in nanoseconds (ns)

Setup/Hold to clock clk
------------+------------+------------+------------------+--------+
            |Max Setup to|Max Hold to |                  | Clock  |
Source      | clk (edge) | clk (edge) |Internal Clock(s) | Phase  |
------------+------------+------------+------------------+--------+
left        |    4.638(R)|   -0.994(R)|clk_BUFGP         |   0.000|
right       |    4.924(R)|   -0.389(R)|clk_BUFGP         |   0.000|
rst         |    4.342(R)|    1.049(R)|clk_BUFGP         |   0.000|
------------+------------+------------+------------------+--------+

Clock clk to Pad
------------+------------+------------------+--------+
            | clk (edge) |                  | Clock  |
Destination |   to PAD   |Internal Clock(s) | Phase  |
------------+------------+------------------+--------+
L<0>        |    9.553(R)|clk_BUFGP         |   0.000|
L<1>        |    9.225(R)|clk_BUFGP         |   0.000|
L<2>        |    9.397(R)|clk_BUFGP         |   0.000|
R<0>        |    9.418(R)|clk_BUFGP         |   0.000|
R<1>        |    9.532(R)|clk_BUFGP         |   0.000|
R<2>        |    8.769(R)|clk_BUFGP         |   0.000|
------------+------------+------------------+--------+

Clock to Setup on destination clock clk
---------------+---------+---------+---------+---------+
               | Src:Rise| Src:Fall| Src:Rise| Src:Fall|
Source Clock   |Dest:Rise|Dest:Rise|Dest:Fall|Dest:Fall|
---------------+---------+---------+---------+---------+
clk            |    7.143|         |         |         |
---------------+---------+---------+---------+---------+


Analysis completed Fri Mar 27 14:47:54 2015 
--------------------------------------------------------------------------------

Trace Settings:
-------------------------
Trace Settings 

Peak Memory Usage: 314 MB



