Release 14.5 - xst P.58f (lin64)
Copyright (c) 1995-2012 Xilinx, Inc.  All rights reserved.
--> 
Parameter TMPDIR set to xst/projnav.tmp


Total REAL time to Xst completion: 0.00 secs
Total CPU time to Xst completion: 0.04 secs
 
--> 
Parameter xsthdpdir set to xst


Total REAL time to Xst completion: 0.00 secs
Total CPU time to Xst completion: 0.04 secs
 
--> 
Reading design: main.prj

TABLE OF CONTENTS
  1) Synthesis Options Summary
  2) HDL Compilation
  3) Design Hierarchy Analysis
  4) HDL Analysis
  5) HDL Synthesis
     5.1) HDL Synthesis Report
  6) Advanced HDL Synthesis
     6.1) Advanced HDL Synthesis Report
  7) Low Level Synthesis
  8) Partition Report
  9) Final Report
	9.1) Device utilization summary
	9.2) Partition Resource Summary
	9.3) TIMING REPORT


=========================================================================
*                      Synthesis Options Summary                        *
=========================================================================
---- Source Parameters
Input File Name                    : "main.prj"
Input Format                       : mixed
Ignore Synthesis Constraint File   : NO

---- Target Parameters
Output File Name                   : "main"
Output Format                      : NGC
Target Device                      : xc3s200-4-ft256

---- Source Options
Top Module Name                    : main
Automatic FSM Extraction           : YES
FSM Encoding Algorithm             : Auto
Safe Implementation                : No
FSM Style                          : LUT
RAM Extraction                     : Yes
RAM Style                          : Auto
ROM Extraction                     : Yes
Mux Style                          : Auto
Decoder Extraction                 : YES
Priority Encoder Extraction        : Yes
Shift Register Extraction          : YES
Logical Shifter Extraction         : YES
XOR Collapsing                     : YES
ROM Style                          : Auto
Mux Extraction                     : Yes
Resource Sharing                   : YES
Asynchronous To Synchronous        : NO
Multiplier Style                   : Auto
Automatic Register Balancing       : No

---- Target Options
Add IO Buffers                     : YES
Global Maximum Fanout              : 500
Add Generic Clock Buffer(BUFG)     : 8
Register Duplication               : YES
Slice Packing                      : YES
Optimize Instantiated Primitives   : NO
Use Clock Enable                   : Yes
Use Synchronous Set                : Yes
Use Synchronous Reset              : Yes
Pack IO Registers into IOBs        : Auto
Equivalent register Removal        : YES

---- General Options
Optimization Goal                  : Speed
Optimization Effort                : 1
Keep Hierarchy                     : No
Netlist Hierarchy                  : As_Optimized
RTL Output                         : Yes
Global Optimization                : AllClockNets
Read Cores                         : YES
Write Timing Constraints           : NO
Cross Clock Analysis               : NO
Hierarchy Separator                : /
Bus Delimiter                      : <>
Case Specifier                     : Maintain
Slice Utilization Ratio            : 100
BRAM Utilization Ratio             : 100
Verilog 2001                       : YES
Auto BRAM Packing                  : NO
Slice Utilization Ratio Delta      : 5

=========================================================================


=========================================================================
*                          HDL Compilation                              *
=========================================================================
Compiling verilog file "thunderbird.v" in library work
Compiling verilog file "clk_div.v" in library work
Module <thunderbird> compiled
Compiling verilog file "main.v" in library work
Module <clk_div> compiled
Module <main> compiled
No errors in compilation
Analysis of file <"main.prj"> succeeded.
 

=========================================================================
*                     Design Hierarchy Analysis                         *
=========================================================================
Analyzing hierarchy for module <main> in library <work>.

Analyzing hierarchy for module <clk_div> in library <work>.

Analyzing hierarchy for module <thunderbird> in library <work>.


=========================================================================
*                            HDL Analysis                               *
=========================================================================
Analyzing top module <main>.
Module <main> is correct for synthesis.
 
Analyzing module <clk_div> in library <work>.
Module <clk_div> is correct for synthesis.
 
Analyzing module <thunderbird> in library <work>.
Module <thunderbird> is correct for synthesis.
 

=========================================================================
*                           HDL Synthesis                               *
=========================================================================

Performing bidirectional port resolution...

Synthesizing Unit <clk_div>.
    Related source file is "clk_div.v".
    Found 25-bit up counter for signal <clk_count>.
    Summary:
	inferred   1 Counter(s).
Unit <clk_div> synthesized.


Synthesizing Unit <thunderbird>.
    Related source file is "thunderbird.v".
    Found 3-bit register for signal <L>.
    Found 3-bit register for signal <R>.
    Found 1-bit register for signal <lr>.
    Found 1-bit xor2 for signal <old_s_1$xor0000> created at line 25.
    Found 3-bit register for signal <s>.
    Summary:
	inferred  10 D-type flip-flop(s).
Unit <thunderbird> synthesized.


Synthesizing Unit <main>.
    Related source file is "main.v".
Unit <main> synthesized.


=========================================================================
HDL Synthesis Report

Macro Statistics
# Counters                                             : 1
 25-bit up counter                                     : 1
# Registers                                            : 4
 1-bit register                                        : 1
 3-bit register                                        : 3
# Xors                                                 : 1
 1-bit xor2                                            : 1

=========================================================================

=========================================================================
*                       Advanced HDL Synthesis                          *
=========================================================================


=========================================================================
Advanced HDL Synthesis Report

Macro Statistics
# Counters                                             : 1
 25-bit up counter                                     : 1
# Registers                                            : 10
 Flip-Flops                                            : 10
# Xors                                                 : 1
 1-bit xor2                                            : 1

=========================================================================

=========================================================================
*                         Low Level Synthesis                           *
=========================================================================

Optimizing unit <main> ...

Optimizing unit <thunderbird> ...

Mapping all equations...
Building and optimizing final netlist ...
Found area constraint ratio of 100 (+ 5) on block main, actual ratio is 1.

Final Macro Processing ...

=========================================================================
Final Register Report

Macro Statistics
# Registers                                            : 35
 Flip-Flops                                            : 35

=========================================================================

=========================================================================
*                           Partition Report                            *
=========================================================================

Partition Implementation Status
-------------------------------

  No Partitions were found in this design.

-------------------------------

=========================================================================
*                            Final Report                               *
=========================================================================
Final Results
RTL Top Level Output File Name     : main.ngr
Top Level Output File Name         : main
Output Format                      : NGC
Optimization Goal                  : Speed
Keep Hierarchy                     : No

Design Statistics
# IOs                              : 10

Cell Usage :
# BELS                             : 104
#      GND                         : 1
#      INV                         : 1
#      LUT1                        : 25
#      LUT2                        : 1
#      LUT2_D                      : 1
#      LUT3                        : 3
#      LUT3_L                      : 1
#      LUT4                        : 12
#      LUT4_L                      : 2
#      MUXCY                       : 31
#      VCC                         : 1
#      XORCY                       : 25
# FlipFlops/Latches                : 35
#      FDC                         : 25
#      FDE                         : 10
# Clock Buffers                    : 1
#      BUFGP                       : 1
# IO Buffers                       : 9
#      IBUF                        : 3
#      OBUF                        : 6
=========================================================================

Device utilization summary:
---------------------------

Selected Device : 3s200ft256-4 

 Number of Slices:                       28  out of   1920     1%  
 Number of Slice Flip Flops:             35  out of   3840     0%  
 Number of 4 input LUTs:                 46  out of   3840     1%  
 Number of IOs:                          10
 Number of bonded IOBs:                  10  out of    173     5%  
 Number of GCLKs:                         1  out of      8    12%  

---------------------------
Partition Resource Summary:
---------------------------

  No Partitions were found in this design.

---------------------------


=========================================================================
TIMING REPORT

NOTE: THESE TIMING NUMBERS ARE ONLY A SYNTHESIS ESTIMATE.
      FOR ACCURATE TIMING INFORMATION PLEASE REFER TO THE TRACE REPORT
      GENERATED AFTER PLACE-and-ROUTE.

Clock Information:
------------------
-----------------------------------+------------------------+-------+
Clock Signal                       | Clock buffer(FF name)  | Load  |
-----------------------------------+------------------------+-------+
clk                                | BUFGP                  | 35    |
-----------------------------------+------------------------+-------+

Asynchronous Control Signals Information:
----------------------------------------
-----------------------------------+------------------------+-------+
Control Signal                     | Buffer(FF name)        | Load  |
-----------------------------------+------------------------+-------+
rst                                | IBUF                   | 25    |
-----------------------------------+------------------------+-------+

Timing Summary:
---------------
Speed Grade: -4

   Minimum period: 6.719ns (Maximum Frequency: 148.832MHz)
   Minimum input arrival time before clock: 7.134ns
   Maximum output required time after clock: 7.165ns
   Maximum combinational path delay: No path found

Timing Detail:
--------------
All values displayed in nanoseconds (ns)

=========================================================================
Timing constraint: Default period analysis for Clock 'clk'
  Clock period: 6.719ns (frequency: 148.832MHz)
  Total number of paths / destination ports: 632 / 44
-------------------------------------------------------------------------
Delay:               6.719ns (Levels of Logic = 9)
  Source:            divider/clk_count_19 (FF)
  Destination:       thunderbird/R_2 (FF)
  Source Clock:      clk rising
  Destination Clock: clk rising

  Data Path: divider/clk_count_19 to thunderbird/R_2
                                Gate     Net
    Cell:in->out      fanout   Delay   Delay  Logical Name (Net Name)
    ----------------------------------------  ------------
     FDC:C->Q              2   0.720   1.216  divider/clk_count_19 (divider/clk_count_19)
     LUT1:I0->O            1   0.551   0.000  divider/clk_en_wg_cy<0>_rt (divider/clk_en_wg_cy<0>_rt)
     MUXCY:S->O            1   0.500   0.000  divider/clk_en_wg_cy<0> (divider/clk_en_wg_cy<0>)
     MUXCY:CI->O           1   0.064   0.000  divider/clk_en_wg_cy<1> (divider/clk_en_wg_cy<1>)
     MUXCY:CI->O           1   0.064   0.000  divider/clk_en_wg_cy<2> (divider/clk_en_wg_cy<2>)
     MUXCY:CI->O           1   0.064   0.000  divider/clk_en_wg_cy<3> (divider/clk_en_wg_cy<3>)
     MUXCY:CI->O           1   0.064   0.000  divider/clk_en_wg_cy<4> (divider/clk_en_wg_cy<4>)
     MUXCY:CI->O           1   0.064   0.000  divider/clk_en_wg_cy<5> (divider/clk_en_wg_cy<5>)
     MUXCY:CI->O           6   0.281   1.071  divider/clk_en_wg_cy<6> (divider/clk_en_wg_cy<6>)
     LUT4:I2->O            3   0.551   0.907  thunderbird/R_not0001 (thunderbird/R_not0001)
     FDE:CE                    0.602          thunderbird/R_0
    ----------------------------------------
    Total                      6.719ns (3.525ns logic, 3.194ns route)
                                       (52.5% logic, 47.5% route)

=========================================================================
Timing constraint: Default OFFSET IN BEFORE for Clock 'clk'
  Total number of paths / destination ports: 44 / 17
-------------------------------------------------------------------------
Offset:              7.134ns (Levels of Logic = 4)
  Source:            rst (PAD)
  Destination:       thunderbird/R_2 (FF)
  Destination Clock: clk rising

  Data Path: rst to thunderbird/R_2
                                Gate     Net
    Cell:in->out      fanout   Delay   Delay  Logical Name (Net Name)
    ----------------------------------------  ------------
     IBUF:I->O            33   0.821   2.198  rst_IBUF (rst_IBUF)
     LUT2_D:I0->LO         1   0.551   0.126  thunderbird/L_not0001121 (N12)
     LUT4:I3->O            1   0.551   0.827  thunderbird/R_not0001_SW0 (N4)
     LUT4:I3->O            3   0.551   0.907  thunderbird/R_not0001 (thunderbird/R_not0001)
     FDE:CE                    0.602          thunderbird/R_0
    ----------------------------------------
    Total                      7.134ns (3.076ns logic, 4.058ns route)
                                       (43.1% logic, 56.9% route)

=========================================================================
Timing constraint: Default OFFSET OUT AFTER for Clock 'clk'
  Total number of paths / destination ports: 6 / 6
-------------------------------------------------------------------------
Offset:              7.165ns (Levels of Logic = 1)
  Source:            thunderbird/L_2 (FF)
  Destination:       L<2> (PAD)
  Source Clock:      clk rising

  Data Path: thunderbird/L_2 to L<2>
                                Gate     Net
    Cell:in->out      fanout   Delay   Delay  Logical Name (Net Name)
    ----------------------------------------  ------------
     FDE:C->Q              1   0.720   0.801  thunderbird/L_2 (thunderbird/L_2)
     OBUF:I->O                 5.644          L_2_OBUF (L<2>)
    ----------------------------------------
    Total                      7.165ns (6.364ns logic, 0.801ns route)
                                       (88.8% logic, 11.2% route)

=========================================================================


Total REAL time to Xst completion: 3.00 secs
Total CPU time to Xst completion: 3.32 secs
 
--> 


Total memory usage is 504868 kilobytes

Number of errors   :    0 (   0 filtered)
Number of warnings :    0 (   0 filtered)
Number of infos    :    0 (   0 filtered)

