Release 14.5 - xst P.58f (lin64)
Copyright (c) 1995-2012 Xilinx, Inc.  All rights reserved.
--> 
Parameter TMPDIR set to xst/projnav.tmp


Total REAL time to Xst completion: 1.00 secs
Total CPU time to Xst completion: 0.06 secs
 
--> 
Parameter xsthdpdir set to xst


Total REAL time to Xst completion: 1.00 secs
Total CPU time to Xst completion: 0.06 secs
 
--> 
Reading design: thunderbird.prj

TABLE OF CONTENTS
  1) Synthesis Options Summary
  2) HDL Compilation
  3) Design Hierarchy Analysis
  4) HDL Analysis
  5) HDL Synthesis
     5.1) HDL Synthesis Report
  6) Advanced HDL Synthesis
     6.1) Advanced HDL Synthesis Report
  7) Low Level Synthesis
  8) Partition Report
  9) Final Report
	9.1) Device utilization summary
	9.2) Partition Resource Summary
	9.3) TIMING REPORT


=========================================================================
*                      Synthesis Options Summary                        *
=========================================================================
---- Source Parameters
Input File Name                    : "thunderbird.prj"
Input Format                       : mixed
Ignore Synthesis Constraint File   : NO

---- Target Parameters
Output File Name                   : "thunderbird"
Output Format                      : NGC
Target Device                      : xc3s200-4-ft256

---- Source Options
Top Module Name                    : thunderbird
Automatic FSM Extraction           : YES
FSM Encoding Algorithm             : Auto
Safe Implementation                : No
FSM Style                          : LUT
RAM Extraction                     : Yes
RAM Style                          : Auto
ROM Extraction                     : Yes
Mux Style                          : Auto
Decoder Extraction                 : YES
Priority Encoder Extraction        : Yes
Shift Register Extraction          : YES
Logical Shifter Extraction         : YES
XOR Collapsing                     : YES
ROM Style                          : Auto
Mux Extraction                     : Yes
Resource Sharing                   : YES
Asynchronous To Synchronous        : NO
Multiplier Style                   : Auto
Automatic Register Balancing       : No

---- Target Options
Add IO Buffers                     : YES
Global Maximum Fanout              : 500
Add Generic Clock Buffer(BUFG)     : 8
Register Duplication               : YES
Slice Packing                      : YES
Optimize Instantiated Primitives   : NO
Use Clock Enable                   : Yes
Use Synchronous Set                : Yes
Use Synchronous Reset              : Yes
Pack IO Registers into IOBs        : Auto
Equivalent register Removal        : YES

---- General Options
Optimization Goal                  : Speed
Optimization Effort                : 1
Keep Hierarchy                     : No
Netlist Hierarchy                  : As_Optimized
RTL Output                         : Yes
Global Optimization                : AllClockNets
Read Cores                         : YES
Write Timing Constraints           : NO
Cross Clock Analysis               : NO
Hierarchy Separator                : /
Bus Delimiter                      : <>
Case Specifier                     : Maintain
Slice Utilization Ratio            : 100
BRAM Utilization Ratio             : 100
Verilog 2001                       : YES
Auto BRAM Packing                  : NO
Slice Utilization Ratio Delta      : 5

=========================================================================


=========================================================================
*                          HDL Compilation                              *
=========================================================================
Compiling verilog file "thunderbird.v" in library work
Module <thunderbird> compiled
No errors in compilation
Analysis of file <"thunderbird.prj"> succeeded.
 

=========================================================================
*                     Design Hierarchy Analysis                         *
=========================================================================
Analyzing hierarchy for module <thunderbird> in library <work>.


=========================================================================
*                            HDL Analysis                               *
=========================================================================
Analyzing top module <thunderbird>.
WARNING:Xst:916 - "thunderbird.v" line 32: Delay is ignored for synthesis.
Module <thunderbird> is correct for synthesis.
 

=========================================================================
*                           HDL Synthesis                               *
=========================================================================

Performing bidirectional port resolution...

Synthesizing Unit <thunderbird>.
    Related source file is "thunderbird.v".
    Found finite state machine <FSM_0> for signal <s>.
    -----------------------------------------------------------------------
    | States             | 4                                              |
    | Transitions        | 5                                              |
    | Inputs             | 1                                              |
    | Outputs            | 6                                              |
    | Clock              | clk                       (rising_edge)        |
    | Reset              | rst                       (positive)           |
    | Reset type         | synchronous                                    |
    | Reset State        | 000                                            |
    | Encoding           | automatic                                      |
    | Implementation     | LUT                                            |
    -----------------------------------------------------------------------
    Found 3-bit register for signal <L>.
    Found 3-bit register for signal <R>.
    Found 1-bit register for signal <lr>.
    Found 1-bit xor2 for signal <s$xor0000> created at line 24.
    Summary:
	inferred   1 Finite State Machine(s).
	inferred   7 D-type flip-flop(s).
Unit <thunderbird> synthesized.


=========================================================================
HDL Synthesis Report

Macro Statistics
# Registers                                            : 3
 1-bit register                                        : 1
 3-bit register                                        : 2
# Xors                                                 : 1
 1-bit xor2                                            : 1

=========================================================================

=========================================================================
*                       Advanced HDL Synthesis                          *
=========================================================================

Analyzing FSM <FSM_0> for best encoding.
Optimizing FSM <s/FSM> on signal <s[1:4]> with one-hot encoding.
-------------------
 State | Encoding
-------------------
 000   | 0001
 100   | 0010
 010   | 0100
 001   | 1000
-------------------

=========================================================================
Advanced HDL Synthesis Report

Macro Statistics
# FSMs                                                 : 1
# Registers                                            : 7
 Flip-Flops                                            : 7
# Xors                                                 : 1
 1-bit xor2                                            : 1

=========================================================================

=========================================================================
*                         Low Level Synthesis                           *
=========================================================================

Optimizing unit <thunderbird> ...

Mapping all equations...
Building and optimizing final netlist ...
Found area constraint ratio of 100 (+ 5) on block thunderbird, actual ratio is 0.

Final Macro Processing ...

=========================================================================
Final Register Report

Macro Statistics
# Registers                                            : 11
 Flip-Flops                                            : 11

=========================================================================

=========================================================================
*                           Partition Report                            *
=========================================================================

Partition Implementation Status
-------------------------------

  No Partitions were found in this design.

-------------------------------

=========================================================================
*                            Final Report                               *
=========================================================================
Final Results
RTL Top Level Output File Name     : thunderbird.ngr
Top Level Output File Name         : thunderbird
Output Format                      : NGC
Optimization Goal                  : Speed
Keep Hierarchy                     : No

Design Statistics
# IOs                              : 10

Cell Usage :
# BELS                             : 6
#      LUT3                        : 2
#      LUT3_D                      : 1
#      LUT4                        : 3
# FlipFlops/Latches                : 11
#      FDR                         : 3
#      FDRE                        : 7
#      FDS                         : 1
# Clock Buffers                    : 1
#      BUFGP                       : 1
# IO Buffers                       : 9
#      IBUF                        : 3
#      OBUF                        : 6
=========================================================================

Device utilization summary:
---------------------------

Selected Device : 3s200ft256-4 

 Number of Slices:                        7  out of   1920     0%  
 Number of Slice Flip Flops:             11  out of   3840     0%  
 Number of 4 input LUTs:                  6  out of   3840     0%  
 Number of IOs:                          10
 Number of bonded IOBs:                  10  out of    173     5%  
 Number of GCLKs:                         1  out of      8    12%  

---------------------------
Partition Resource Summary:
---------------------------

  No Partitions were found in this design.

---------------------------


=========================================================================
TIMING REPORT

NOTE: THESE TIMING NUMBERS ARE ONLY A SYNTHESIS ESTIMATE.
      FOR ACCURATE TIMING INFORMATION PLEASE REFER TO THE TRACE REPORT
      GENERATED AFTER PLACE-and-ROUTE.

Clock Information:
------------------
-----------------------------------+------------------------+-------+
Clock Signal                       | Clock buffer(FF name)  | Load  |
-----------------------------------+------------------------+-------+
clk                                | BUFGP                  | 11    |
-----------------------------------+------------------------+-------+

Asynchronous Control Signals Information:
----------------------------------------
No asynchronous control signals found in this design

Timing Summary:
---------------
Speed Grade: -4

   Minimum period: 5.133ns (Maximum Frequency: 194.818MHz)
   Minimum input arrival time before clock: 5.519ns
   Maximum output required time after clock: 7.165ns
   Maximum combinational path delay: No path found

Timing Detail:
--------------
All values displayed in nanoseconds (ns)

=========================================================================
Timing constraint: Default period analysis for Clock 'clk'
  Clock period: 5.133ns (frequency: 194.818MHz)
  Total number of paths / destination ports: 42 / 23
-------------------------------------------------------------------------
Delay:               5.133ns (Levels of Logic = 2)
  Source:            lr (FF)
  Destination:       L_0 (FF)
  Source Clock:      clk rising
  Destination Clock: clk rising

  Data Path: lr to L_0
                                Gate     Net
    Cell:in->out      fanout   Delay   Delay  Logical Name (Net Name)
    ----------------------------------------  ------------
     FDRE:C->Q             3   0.720   0.975  lr (lr)
     LUT3_D:I2->O          1   0.551   0.827  _old_lr_2_SW0 (N3)
     LUT4:I3->O            3   0.551   0.907  _old_lr_2_inv1 (_old_lr_2_inv)
     FDRE:CE                   0.602          L_0
    ----------------------------------------
    Total                      5.133ns (2.424ns logic, 2.709ns route)
                                       (47.2% logic, 52.8% route)

=========================================================================
Timing constraint: Default OFFSET IN BEFORE for Clock 'clk'
  Total number of paths / destination ports: 46 / 23
-------------------------------------------------------------------------
Offset:              5.519ns (Levels of Logic = 3)
  Source:            right (PAD)
  Destination:       L_0 (FF)
  Destination Clock: clk rising

  Data Path: right to L_0
                                Gate     Net
    Cell:in->out      fanout   Delay   Delay  Logical Name (Net Name)
    ----------------------------------------  ------------
     IBUF:I->O             5   0.821   1.260  right_IBUF (right_IBUF)
     LUT3_D:I0->O          1   0.551   0.827  _old_lr_2_SW0 (N3)
     LUT4:I3->O            3   0.551   0.907  _old_lr_2_inv1 (_old_lr_2_inv)
     FDRE:CE                   0.602          L_0
    ----------------------------------------
    Total                      5.519ns (2.525ns logic, 2.994ns route)
                                       (45.8% logic, 54.2% route)

=========================================================================
Timing constraint: Default OFFSET OUT AFTER for Clock 'clk'
  Total number of paths / destination ports: 6 / 6
-------------------------------------------------------------------------
Offset:              7.165ns (Levels of Logic = 1)
  Source:            L_2 (FF)
  Destination:       L<2> (PAD)
  Source Clock:      clk rising

  Data Path: L_2 to L<2>
                                Gate     Net
    Cell:in->out      fanout   Delay   Delay  Logical Name (Net Name)
    ----------------------------------------  ------------
     FDRE:C->Q             1   0.720   0.801  L_2 (L_2)
     OBUF:I->O                 5.644          L_2_OBUF (L<2>)
    ----------------------------------------
    Total                      7.165ns (6.364ns logic, 0.801ns route)
                                       (88.8% logic, 11.2% route)

=========================================================================


Total REAL time to Xst completion: 4.00 secs
Total CPU time to Xst completion: 3.34 secs
 
--> 


Total memory usage is 504844 kilobytes

Number of errors   :    0 (   0 filtered)
Number of warnings :    1 (   0 filtered)
Number of infos    :    0 (   0 filtered)

