--------------------------------------------------------------------------------
Release 14.5 Trace  (lin64)
Copyright (c) 1995-2012 Xilinx, Inc.  All rights reserved.

/opt/Xilinx/14.5/ISE_DS/ISE/bin/lin64/unwrapped/trce -intstyle ise -v 3 -s 4 -n
3 -fastpaths -xml Adder.twx Adder.ncd -o Adder.twr Adder.pcf -ucf
constraints.ucf

Design file:              Adder.ncd
Physical constraint file: Adder.pcf
Device,package,speed:     xc3s200,ft256,-4 (PRODUCTION 1.39 2013-03-26)
Report level:             verbose report

Environment Variable      Effect 
--------------------      ------ 
NONE                      No environment variables were set
--------------------------------------------------------------------------------

INFO:Timing:2698 - No timing constraints found, doing default enumeration.
INFO:Timing:3412 - To improve timing, see the Timing Closure User Guide (UG612).
INFO:Timing:2752 - To get complete path coverage, use the unconstrained paths 
   option. All paths that are not constrained will be reported in the 
   unconstrained paths section(s) of the report.
INFO:Timing:3339 - The clock-to-out numbers in this timing report are based on 
   a 50 Ohm transmission line loading model.  For the details of this model, 
   and for more information on accounting for different loading conditions, 
   please see the device datasheet.
INFO:Timing:3390 - This architecture does not support a default System Jitter 
   value, please add SYSTEM_JITTER constraint to the UCF to modify the Clock 
   Uncertainty calculation.
INFO:Timing:3389 - This architecture does not support 'Discrete Jitter' and 
   'Phase Error' calculations, these terms will be zero in the Clock 
   Uncertainty calculation.  Please make appropriate modification to 
   SYSTEM_JITTER to account for the unsupported Discrete Jitter and Phase 
   Error.



Data Sheet report:
-----------------
All values displayed in nanoseconds (ns)

Pad to Pad
---------------+---------------+---------+
Source Pad     |Destination Pad|  Delay  |
---------------+---------------+---------+
A<0>           |S<0>           |    9.311|
A<0>           |S<1>           |    9.611|
A<0>           |S<2>           |   10.048|
A<0>           |S<3>           |   10.803|
A<0>           |S<4>           |   10.847|
A<1>           |S<1>           |    9.684|
A<1>           |S<2>           |   10.314|
A<1>           |S<3>           |   11.069|
A<1>           |S<4>           |   11.113|
A<2>           |S<2>           |    9.088|
A<2>           |S<3>           |   10.480|
A<2>           |S<4>           |   10.524|
A<3>           |S<3>           |    9.334|
A<3>           |S<4>           |    9.721|
B<0>           |S<0>           |    8.345|
B<0>           |S<1>           |    8.732|
B<0>           |S<2>           |    9.398|
B<0>           |S<3>           |   10.153|
B<0>           |S<4>           |   10.197|
B<1>           |S<1>           |    8.581|
B<1>           |S<2>           |    9.669|
B<1>           |S<3>           |   10.424|
B<1>           |S<4>           |   10.468|
B<2>           |S<2>           |    8.244|
B<2>           |S<3>           |    9.354|
B<2>           |S<4>           |    9.398|
B<3>           |S<3>           |    8.690|
B<3>           |S<4>           |    8.716|
---------------+---------------+---------+


Analysis completed Fri Mar 13 15:03:24 2015 
--------------------------------------------------------------------------------

Trace Settings:
-------------------------
Trace Settings 

Peak Memory Usage: 313 MB



